<?xml version="1.0"?><coverage lines-covered="794" lines-valid="1191" line-rate="0.6666666666666666" branches-covered="0" branches-valid="0" branch-rate="0" complexity="0" version="1.9" timestamp="1719301196"><sources><source>/__w/ibc-bridge-wasm/ibc-bridge-wasm</source></sources><packages><package name="contracts/cw-ics20-latest/src" line-rate="0.633901705115346" branch-rate="0" complexity="0"><classes><class name="contract" filename="contracts/cw-ics20-latest/src/contract.rs" line-rate="0.7939698492462312" branch-rate="0" complexity="0"><methods/><lines><line number="40" hits="21"/><line number="46" hits="21"/><line number="47" hits="42"/><line number="48" hits="0"/><line number="50" hits="21"/><line number="51" hits="21"/><line number="52" hits="21"/><line number="53" hits="21"/><line number="54" hits="21"/><line number="56" hits="21"/><line number="58" hits="21"/><line number="61" hits="29"/><line number="62" hits="4"/><line number="66" hits="0"/><line number="68" hits="21"/><line number="72" hits="46"/><line number="78" hits="46"/><line number="79" hits="3"/><line number="84" hits="3"/><line number="85" hits="6"/><line number="86" hits="3"/><line number="87" hits="3"/><line number="89" hits="24"/><line number="90" hits="2"/><line number="93" hits="2"/><line number="94" hits="2"/><line number="95" hits="2"/><line number="96" hits="2"/><line number="97" hits="2"/><line number="98" hits="2"/><line number="99" hits="2"/><line number="100" hits="2"/><line number="101" hits="2"/><line number="102" hits="2"/><line number="104" hits="2"/><line number="105" hits="2"/><line number="106" hits="2"/><line number="107" hits="2"/><line number="108" hits="2"/><line number="109" hits="2"/><line number="110" hits="2"/><line number="111" hits="2"/><line number="112" hits="2"/><line number="113" hits="2"/><line number="114" hits="2"/><line number="115" hits="2"/><line number="119" hits="8"/><line number="120" hits="8"/><line number="121" hits="8"/><line number="122" hits="8"/><line number="124" hits="8"/><line number="125" hits="8"/><line number="126" hits="8"/><line number="127" hits="8"/><line number="128" hits="8"/><line number="129" hits="8"/><line number="130" hits="8"/><line number="133" hits="4"/><line number="134" hits="4"/><line number="135" hits="4"/><line number="136" hits="4"/><line number="138" hits="4"/><line number="139" hits="4"/><line number="140" hits="4"/><line number="141" hits="4"/><line number="142" hits="4"/><line number="143" hits="4"/><line number="144" hits="4"/><line number="147" hits="0"/><line number="148" hits="0"/><line number="149" hits="0"/><line number="150" hits="0"/><line number="152" hits="0"/><line number="153" hits="0"/><line number="154" hits="0"/><line number="155" hits="0"/><line number="156" hits="0"/><line number="157" hits="0"/><line number="159" hits="0"/><line number="160" hits="0"/><line number="165" hits="12"/><line number="166" hits="12"/><line number="167" hits="4"/><line number="168" hits="4"/><line number="171" hits="8"/><line number="174" hits="2"/><line number="182" hits="3"/><line number="184" hits="1"/><line number="185" hits="1"/><line number="186" hits="1"/><line number="187" hits="1"/><line number="188" hits="1"/><line number="190" hits="1"/><line number="191" hits="1"/><line number="192" hits="1"/><line number="193" hits="1"/><line number="194" hits="1"/><line number="195" hits="1"/><line number="199" hits="8"/><line number="208" hits="10"/><line number="211" hits="6"/><line number="212" hits="6"/><line number="213" hits="6"/><line number="214" hits="6"/><line number="217" hits="6"/><line number="218" hits="6"/><line number="220" hits="0"/><line number="234" hits="2"/><line number="240" hits="6"/><line number="241" hits="6"/><line number="243" hits="6"/><line number="245" hits="6"/><line number="246" hits="6"/><line number="247" hits="6"/><line number="248" hits="6"/><line number="249" hits="6"/><line number="250" hits="6"/><line number="251" hits="6"/><line number="252" hits="6"/><line number="254" hits="6"/><line number="257" hits="4"/><line number="266" hits="6"/><line number="268" hits="2"/><line number="269" hits="2"/><line number="273" hits="2"/><line number="274" hits="2"/><line number="275" hits="2"/><line number="276" hits="2"/><line number="277" hits="2"/><line number="278" hits="2"/><line number="279" hits="2"/><line number="285" hits="2"/><line number="286" hits="2"/><line number="288" hits="0"/><line number="299" hits="2"/><line number="300" hits="1"/><line number="303" hits="2"/><line number="304" hits="2"/><line number="305" hits="2"/><line number="306" hits="2"/><line number="307" hits="2"/><line number="308" hits="2"/><line number="309" hits="2"/><line number="311" hits="2"/><line number="314" hits="2"/><line number="328" hits="3"/><line number="329" hits="2"/><line number="330" hits="5"/><line number="331" hits="0"/><line number="334" hits="2"/><line number="335" hits="3"/><line number="336" hits="0"/><line number="339" hits="2"/><line number="340" hits="2"/><line number="343" hits="2"/><line number="346" hits="2"/><line number="349" hits="3"/><line number="350" hits="1"/><line number="352" hits="3"/><line number="353" hits="1"/><line number="355" hits="3"/><line number="356" hits="1"/><line number="358" hits="1"/><line number="359" hits="1"/><line number="361" hits="2"/><line number="362" hits="1"/><line number="363" hits="0"/><line number="365" hits="1"/><line number="368" hits="3"/><line number="374" hits="3"/><line number="376" hits="3"/><line number="377" hits="3"/><line number="379" hits="3"/><line number="385" hits="0"/><line number="463" hits="6"/><line number="470" hits="6"/><line number="471" hits="0"/><line number="473" hits="6"/><line number="476" hits="6"/><line number="477" hits="0"/><line number="480" hits="10"/><line number="482" hits="12"/><line number="483" hits="6"/><line number="484" hits="6"/><line number="485" hits="6"/><line number="486" hits="6"/><line number="487" hits="6"/><line number="490" hits="4"/><line number="491" hits="2"/><line number="494" hits="8"/><line number="509" hits="4"/><line number="510" hits="4"/><line number="511" hits="4"/><line number="512" hits="4"/><line number="515" hits="4"/><line number="516" hits="0"/><line number="517" hits="0"/><line number="518" hits="0"/><line number="519" hits="0"/><line number="524" hits="4"/><line number="525" hits="4"/><line number="526" hits="4"/><line number="527" hits="4"/><line number="528" hits="4"/><line number="529" hits="4"/><line number="530" hits="4"/><line number="531" hits="4"/><line number="535" hits="4"/><line number="536" hits="0"/><line number="537" hits="0"/><line number="538" hits="0"/><line number="541" hits="4"/><line number="543" hits="4"/><line number="544" hits="0"/><line number="545" hits="0"/><line number="550" hits="4"/><line number="551" hits="4"/><line number="552" hits="0"/><line number="574" hits="2"/><line number="575" hits="2"/><line number="576" hits="2"/><line number="577" hits="2"/><line number="578" hits="2"/><line number="579" hits="2"/><line number="580" hits="2"/><line number="589" hits="0"/><line number="590" hits="0"/><line number="593" hits="2"/><line number="594" hits="2"/><line number="595" hits="2"/><line number="596" hits="2"/><line number="597" hits="2"/><line number="598" hits="2"/><line number="599" hits="2"/><line number="603" hits="7"/><line number="609" hits="7"/><line number="610" hits="3"/><line number="611" hits="1"/><line number="612" hits="1"/><line number="613" hits="1"/><line number="614" hits="1"/><line number="617" hits="2"/><line number="618" hits="2"/><line number="619" hits="2"/><line number="620" hits="2"/><line number="621" hits="2"/><line number="623" hits="2"/><line number="628" hits="4"/><line number="632" hits="11"/><line number="638" hits="11"/><line number="639" hits="5"/><line number="640" hits="1"/><line number="641" hits="1"/><line number="642" hits="1"/><line number="643" hits="1"/><line number="646" hits="4"/><line number="647" hits="4"/><line number="648" hits="4"/><line number="649" hits="4"/><line number="650" hits="4"/><line number="651" hits="4"/><line number="653" hits="4"/><line number="658" hits="6"/><line number="705" hits="24"/><line number="711" hits="25"/><line number="714" hits="23"/><line number="715" hits="23"/><line number="716" hits="23"/><line number="720" hits="23"/><line number="721" hits="4"/><line number="724" hits="23"/><line number="725" hits="23"/><line number="726" hits="23"/><line number="727" hits="23"/><line number="728" hits="23"/><line number="729" hits="23"/><line number="730" hits="23"/><line number="731" hits="23"/><line number="735" hits="23"/><line number="737" hits="23"/><line number="740" hits="23"/><line number="742" hits="23"/><line number="745" hits="2"/><line number="751" hits="3"/><line number="754" hits="1"/><line number="755" hits="1"/><line number="756" hits="1"/><line number="759" hits="1"/><line number="761" hits="1"/><line number="763" hits="1"/><line number="764" hits="1"/><line number="765" hits="1"/><line number="769" hits="0"/><line number="771" hits="0"/><line number="772" hits="0"/><line number="773" hits="0"/><line number="774" hits="0"/><line number="775" hits="0"/><line number="776" hits="0"/><line number="777" hits="0"/><line number="778" hits="0"/><line number="779" hits="0"/><line number="780" hits="0"/><line number="784" hits="0"/><line number="786" hits="0"/><line number="790" hits="12"/><line number="791" hits="12"/><line number="792" hits="0"/><line number="793" hits="1"/><line number="794" hits="3"/><line number="795" hits="0"/><line number="796" hits="0"/><line number="798" hits="1"/><line number="799" hits="0"/><line number="801" hits="0"/><line number="802" hits="0"/><line number="803" hits="0"/><line number="804" hits="0"/><line number="806" hits="5"/><line number="807" hits="5"/><line number="808" hits="5"/><line number="809" hits="5"/><line number="810" hits="0"/><line number="811" hits="3"/><line number="812" hits="3"/><line number="814" hits="0"/><line number="815" hits="0"/><line number="816" hits="0"/><line number="821" hits="0"/><line number="822" hits="0"/><line number="823" hits="0"/><line number="827" hits="1"/><line number="828" hits="2"/><line number="829" hits="1"/><line number="830" hits="8"/><line number="836" hits="4"/><line number="837" hits="8"/><line number="840" hits="3"/><line number="843" hits="2"/><line number="845" hits="4"/><line number="846" hits="2"/><line number="847" hits="2"/><line number="848" hits="2"/><line number="853" hits="3"/><line number="855" hits="3"/><line number="856" hits="3"/><line number="857" hits="3"/><line number="858" hits="3"/><line number="862" hits="2"/><line number="867" hits="4"/><line number="869" hits="2"/><line number="871" hits="2"/><line number="872" hits="2"/><line number="873" hits="2"/><line number="874" hits="2"/><line number="877" hits="2"/><line number="878" hits="2"/><line number="879" hits="2"/><line number="880" hits="2"/><line number="884" hits="1"/><line number="885" hits="2"/><line number="886" hits="1"/><line number="902" hits="1"/><line number="909" hits="1"/><line number="911" hits="1"/><line number="914" hits="0"/><line number="915" hits="0"/><line number="916" hits="0"/><line number="917" hits="0"/><line number="924" hits="0"/><line number="934" hits="0"/><line number="940" hits="0"/><line number="941" hits="0"/><line number="944" hits="0"/><line number="947" hits="0"/><line number="948" hits="0"/><line number="949" hits="0"/><line number="950" hits="0"/><line number="954" hits="0"/><line number="957" hits="5"/><line number="963" hits="5"/><line number="964" hits="5"/><line number="965" hits="5"/><line number="969" hits="10"/><line number="970" hits="5"/><line number="971" hits="9"/><line number="972" hits="8"/><line number="973" hits="4"/><line number="974" hits="4"/><line number="981" hits="0"/><line number="982" hits="0"/><line number="989" hits="5"/><line number="990" hits="5"/><line number="991" hits="0"/><line number="992" hits="0"/><line number="993" hits="0"/><line number="995" hits="0"/><line number="998" hits="5"/></lines></class><class name="ibc" filename="contracts/cw-ics20-latest/src/ibc.rs" line-rate="0.5977011494252874" branch-rate="0" complexity="0"><methods/><lines><line number="55" hits="8"/><line number="63" hits="8"/><line number="65" hits="8"/><line number="66" hits="8"/><line number="82" hits="2"/><line number="83" hits="2"/><line number="84" hits="2"/><line number="88" hits="1"/><line number="89" hits="1"/><line number="90" hits="1"/><line number="102" hits="0"/><line number="103" hits="0"/><line number="106" hits="0"/><line number="107" hits="0"/><line number="108" hits="0"/><line number="109" hits="0"/><line number="112" hits="0"/><line number="114" hits="0"/><line number="122" hits="0"/><line number="123" hits="0"/><line number="124" hits="0"/><line number="125" hits="0"/><line number="126" hits="0"/><line number="131" hits="0"/><line number="142" hits="0"/><line number="143" hits="0"/><line number="144" hits="0"/><line number="145" hits="0"/><line number="146" hits="0"/><line number="147" hits="0"/><line number="149" hits="0"/><line number="151" hits="0"/><line number="152" hits="0"/><line number="153" hits="0"/><line number="154" hits="0"/><line number="155" hits="0"/><line number="156" hits="0"/><line number="157" hits="0"/><line number="158" hits="0"/><line number="159" hits="0"/><line number="165" hits="0"/><line number="166" hits="0"/><line number="167" hits="0"/><line number="168" hits="0"/><line number="175" hits="0"/><line number="176" hits="0"/><line number="177" hits="0"/><line number="178" hits="0"/><line number="182" hits="0"/><line number="184" hits="0"/><line number="186" hits="0"/><line number="187" hits="0"/><line number="188" hits="0"/><line number="189" hits="0"/><line number="190" hits="0"/><line number="192" hits="0"/><line number="196" hits="0"/><line number="201" hits="31"/><line number="206" hits="31"/><line number="207" hits="31"/><line number="212" hits="31"/><line number="218" hits="31"/><line number="220" hits="31"/><line number="222" hits="31"/><line number="223" hits="31"/><line number="224" hits="31"/><line number="226" hits="31"/><line number="228" hits="31"/><line number="231" hits="62"/><line number="235" hits="62"/><line number="236" hits="0"/><line number="237" hits="0"/><line number="240" hits="31"/><line number="242" hits="0"/><line number="243" hits="0"/><line number="247" hits="62"/><line number="248" hits="0"/><line number="250" hits="62"/><line number="254" hits="0"/><line number="260" hits="0"/><line number="266" hits="3"/><line number="271" hits="3"/><line number="274" hits="3"/><line number="275" hits="3"/><line number="276" hits="3"/><line number="277" hits="3"/><line number="278" hits="3"/><line number="279" hits="3"/><line number="281" hits="4"/><line number="282" hits="1"/><line number="285" hits="1"/><line number="286" hits="1"/><line number="287" hits="1"/><line number="288" hits="1"/><line number="289" hits="1"/><line number="290" hits="1"/><line number="291" hits="1"/><line number="292" hits="1"/><line number="299" hits="13"/><line number="303" hits="13"/><line number="306" hits="13"/><line number="307" hits="4"/><line number="309" hits="9"/><line number="310" hits="1"/><line number="313" hits="8"/><line number="314" hits="1"/><line number="315" hits="1"/><line number="318" hits="7"/><line number="319" hits="3"/><line number="320" hits="3"/><line number="324" hits="4"/><line number="329" hits="3"/><line number="330" hits="3"/><line number="332" hits="3"/><line number="333" hits="2"/><line number="334" hits="2"/><line number="337" hits="1"/><line number="342" hits="3"/><line number="343" hits="3"/><line number="345" hits="3"/><line number="346" hits="2"/><line number="347" hits="2"/><line number="350" hits="1"/><line number="353" hits="6"/><line number="354" hits="6"/><line number="356" hits="6"/><line number="357" hits="5"/><line number="358" hits="5"/><line number="361" hits="1"/><line number="365" hits="3"/><line number="373" hits="6"/><line number="377" hits="3"/><line number="381" hits="3"/><line number="382" hits="3"/><line number="386" hits="0"/><line number="389" hits="3"/><line number="399" hits="6"/><line number="414" hits="2"/><line number="416" hits="2"/><line number="436" hits="2"/><line number="451" hits="2"/><line number="453" hits="2"/><line number="456" hits="0"/><line number="457" hits="0"/><line number="458" hits="0"/><line number="459" hits="0"/><line number="460" hits="0"/><line number="465" hits="0"/><line number="468" hits="0"/><line number="469" hits="0"/><line number="489" hits="0"/><line number="491" hits="0"/><line number="492" hits="0"/><line number="493" hits="0"/><line number="494" hits="0"/><line number="499" hits="0"/><line number="500" hits="0"/><line number="501" hits="0"/><line number="502" hits="0"/><line number="503" hits="0"/><line number="504" hits="0"/><line number="505" hits="0"/><line number="506" hits="0"/><line number="508" hits="0"/><line number="513" hits="2"/><line number="514" hits="0"/><line number="515" hits="0"/><line number="516" hits="0"/><line number="517" hits="0"/><line number="518" hits="0"/><line number="519" hits="0"/><line number="520" hits="0"/><line number="521" hits="0"/><line number="524" hits="2"/><line number="525" hits="2"/><line number="526" hits="2"/><line number="527" hits="2"/><line number="528" hits="2"/><line number="531" hits="2"/><line number="532" hits="0"/><line number="535" hits="2"/><line number="559" hits="0"/><line number="560" hits="0"/><line number="563" hits="2"/><line number="566" hits="5"/><line number="579" hits="10"/><line number="591" hits="4"/><line number="595" hits="1"/><line number="602" hits="1"/><line number="603" hits="0"/><line number="604" hits="1"/><line number="615" hits="0"/><line number="616" hits="0"/><line number="617" hits="0"/><line number="618" hits="0"/><line number="620" hits="0"/><line number="621" hits="0"/><line number="622" hits="0"/><line number="623" hits="0"/><line number="624" hits="0"/><line number="626" hits="0"/><line number="628" hits="0"/><line number="630" hits="0"/><line number="631" hits="0"/><line number="638" hits="0"/><line number="645" hits="0"/><line number="653" hits="0"/><line number="654" hits="0"/><line number="659" hits="1"/><line number="660" hits="1"/><line number="661" hits="1"/><line number="662" hits="1"/><line number="663" hits="1"/><line number="664" hits="1"/><line number="665" hits="1"/><line number="666" hits="1"/><line number="669" hits="0"/><line number="674" hits="1"/><line number="676" hits="1"/><line number="677" hits="1"/><line number="680" hits="1"/><line number="681" hits="0"/><line number="686" hits="1"/><line number="687" hits="1"/><line number="688" hits="1"/><line number="689" hits="1"/><line number="690" hits="1"/><line number="691" hits="1"/><line number="692" hits="1"/><line number="695" hits="1"/><line number="696" hits="1"/><line number="698" hits="0"/><line number="699" hits="0"/><line number="702" hits="6"/><line number="709" hits="6"/><line number="711" hits="6"/><line number="712" hits="6"/><line number="713" hits="3"/><line number="715" hits="3"/><line number="716" hits="3"/><line number="717" hits="3"/><line number="718" hits="3"/><line number="721" hits="4"/><line number="722" hits="1"/><line number="723" hits="1"/><line number="724" hits="1"/><line number="727" hits="3"/><line number="730" hits="5"/><line number="740" hits="5"/><line number="741" hits="2"/><line number="744" hits="4"/><line number="746" hits="5"/><line number="747" hits="2"/><line number="749" hits="1"/><line number="751" hits="2"/><line number="753" hits="2"/><line number="754" hits="2"/><line number="755" hits="2"/><line number="756" hits="2"/><line number="757" hits="2"/><line number="758" hits="2"/><line number="759" hits="2"/><line number="765" hits="2"/><line number="768" hits="7"/><line number="779" hits="7"/><line number="780" hits="2"/><line number="781" hits="2"/><line number="784" hits="5"/><line number="785" hits="5"/><line number="786" hits="5"/><line number="787" hits="3"/><line number="788" hits="1"/><line number="789" hits="1"/><line number="790" hits="1"/><line number="791" hits="1"/><line number="792" hits="1"/><line number="793" hits="1"/><line number="794" hits="1"/><line number="795" hits="1"/><line number="796" hits="1"/><line number="797" hits="1"/><line number="800" hits="1"/><line number="803" hits="3"/><line number="804" hits="3"/><line number="805" hits="3"/><line number="806" hits="1"/><line number="807" hits="1"/><line number="808" hits="1"/><line number="809" hits="1"/><line number="810" hits="1"/><line number="811" hits="1"/><line number="812" hits="1"/><line number="813" hits="1"/><line number="814" hits="1"/><line number="815" hits="1"/><line number="823" hits="1"/><line number="825" hits="1"/><line number="826" hits="1"/><line number="827" hits="1"/><line number="828" hits="1"/><line number="832" hits="0"/><line number="833" hits="0"/><line number="834" hits="0"/><line number="835" hits="0"/><line number="836" hits="0"/><line number="840" hits="1"/><line number="841" hits="1"/><line number="842" hits="1"/><line number="845" hits="1"/><line number="846" hits="1"/><line number="851" hits="3"/><line number="863" hits="3"/><line number="864" hits="3"/><line number="865" hits="3"/><line number="880" hits="3"/><line number="888" hits="3"/><line number="891" hits="3"/><line number="892" hits="3"/><line number="893" hits="3"/><line number="897" hits="0"/><line number="898" hits="0"/><line number="899" hits="0"/><line number="901" hits="0"/><line number="902" hits="0"/><line number="904" hits="0"/><line number="905" hits="0"/><line number="906" hits="0"/><line number="907" hits="0"/><line number="911" hits="0"/><line number="915" hits="6"/><line number="924" hits="6"/><line number="925" hits="6"/><line number="926" hits="6"/><line number="935" hits="0"/><line number="936" hits="0"/><line number="940" hits="6"/><line number="955" hits="0"/><line number="956" hits="0"/><line number="958" hits="6"/><line number="961" hits="8"/><line number="966" hits="16"/><line number="967" hits="7"/><line number="969" hits="7"/><line number="970" hits="7"/><line number="972" hits="1"/><line number="975" hits="11"/><line number="986" hits="11"/><line number="988" hits="22"/><line number="989" hits="3"/><line number="990" hits="8"/><line number="991" hits="8"/><line number="992" hits="1"/><line number="994" hits="7"/><line number="998" hits="11"/><line number="1001" hits="2"/><line number="1002" hits="2"/><line number="1003" hits="2"/><line number="1004" hits="2"/><line number="1005" hits="2"/><line number="1006" hits="2"/><line number="1012" hits="10"/><line number="1014" hits="10"/><line number="1015" hits="1"/><line number="1017" hits="9"/><line number="1018" hits="9"/><line number="1019" hits="9"/><line number="1023" hits="3"/><line number="1030" hits="3"/><line number="1032" hits="3"/><line number="1033" hits="3"/><line number="1035" hits="0"/><line number="1037" hits="0"/><line number="1038" hits="0"/><line number="1039" hits="0"/><line number="1040" hits="0"/><line number="1042" hits="0"/><line number="1045" hits="0"/><line number="1049" hits="7"/><line number="1050" hits="7"/><line number="1051" hits="5"/><line number="1052" hits="2"/><line number="1056" hits="0"/><line number="1061" hits="0"/><line number="1062" hits="0"/><line number="1063" hits="0"/><line number="1064" hits="0"/><line number="1065" hits="0"/><line number="1066" hits="0"/><line number="1068" hits="0"/><line number="1070" hits="0"/><line number="1075" hits="0"/><line number="1076" hits="0"/><line number="1082" hits="0"/><line number="1089" hits="0"/><line number="1091" hits="0"/><line number="1092" hits="0"/><line number="1098" hits="0"/><line number="1103" hits="0"/><line number="1104" hits="0"/><line number="1108" hits="0"/><line number="1109" hits="0"/><line number="1133" hits="0"/><line number="1138" hits="0"/><line number="1141" hits="0"/><line number="1142" hits="0"/><line number="1145" hits="0"/><line number="1147" hits="0"/><line number="1149" hits="0"/><line number="1150" hits="0"/><line number="1152" hits="0"/><line number="1153" hits="0"/><line number="1154" hits="0"/><line number="1155" hits="0"/><line number="1157" hits="0"/><line number="1159" hits="0"/><line number="1164" hits="3"/><line number="1172" hits="6"/><line number="1186" hits="2"/><line number="1192" hits="1"/><line number="1193" hits="1"/><line number="1194" hits="1"/><line number="1196" hits="0"/><line number="1199" hits="1"/><line number="1207" hits="5"/><line number="1218" hits="5"/><line number="1219" hits="5"/><line number="1220" hits="5"/><line number="1224" hits="5"/><line number="1225" hits="5"/><line number="1226" hits="5"/><line number="1227" hits="5"/><line number="1231" hits="0"/><line number="1232" hits="0"/><line number="1233" hits="0"/><line number="1237" hits="0"/></lines></class><class name="ibc_hooks" filename="contracts/cw-ics20-latest/src/ibc_hooks.rs" line-rate="0" branch-rate="0" complexity="0"><methods/><lines><line number="20" hits="0"/><line number="27" hits="0"/><line number="28" hits="0"/><line number="32" hits="0"/><line number="38" hits="0"/><line number="40" hits="0"/><line number="42" hits="0"/><line number="53" hits="0"/><line number="62" hits="0"/><line number="67" hits="0"/><line number="68" hits="0"/><line number="69" hits="0"/><line number="72" hits="0"/><line number="73" hits="0"/><line number="74" hits="0"/><line number="75" hits="0"/><line number="76" hits="0"/><line number="89" hits="0"/><line number="90" hits="0"/><line number="91" hits="0"/><line number="92" hits="0"/><line number="93" hits="0"/><line number="94" hits="0"/><line number="95" hits="0"/><line number="96" hits="0"/><line number="97" hits="0"/><line number="98" hits="0"/><line number="99" hits="0"/><line number="100" hits="0"/><line number="101" hits="0"/><line number="109" hits="0"/><line number="110" hits="0"/><line number="111" hits="0"/><line number="116" hits="0"/><line number="118" hits="0"/><line number="119" hits="0"/><line number="120" hits="0"/><line number="121" hits="0"/><line number="122" hits="0"/><line number="123" hits="0"/><line number="124" hits="0"/><line number="129" hits="0"/><line number="130" hits="0"/><line number="131" hits="0"/><line number="133" hits="0"/><line number="134" hits="0"/><line number="135" hits="0"/><line number="136" hits="0"/><line number="137" hits="0"/><line number="138" hits="0"/><line number="139" hits="0"/><line number="140" hits="0"/><line number="144" hits="0"/><line number="145" hits="0"/><line number="146" hits="0"/><line number="147" hits="0"/><line number="148" hits="0"/><line number="149" hits="0"/><line number="152" hits="0"/><line number="153" hits="0"/><line number="154" hits="0"/><line number="155" hits="0"/><line number="156" hits="0"/><line number="157" hits="0"/><line number="161" hits="0"/><line number="162" hits="0"/><line number="163" hits="0"/><line number="166" hits="0"/><line number="167" hits="0"/><line number="170" hits="0"/><line number="171" hits="0"/><line number="172" hits="0"/><line number="173" hits="0"/><line number="174" hits="0"/><line number="175" hits="0"/><line number="176" hits="0"/><line number="177" hits="0"/><line number="178" hits="0"/><line number="179" hits="0"/><line number="180" hits="0"/><line number="181" hits="0"/><line number="186" hits="0"/><line number="187" hits="0"/><line number="188" hits="0"/><line number="189" hits="0"/><line number="193" hits="0"/><line number="194" hits="0"/><line number="195" hits="0"/><line number="196" hits="0"/><line number="197" hits="0"/><line number="200" hits="0"/><line number="201" hits="0"/><line number="202" hits="0"/><line number="203" hits="0"/><line number="204" hits="0"/><line number="205" hits="0"/><line number="206" hits="0"/><line number="207" hits="0"/><line number="209" hits="0"/></lines></class><class name="query_helper" filename="contracts/cw-ics20-latest/src/query_helper.rs" line-rate="1" branch-rate="0" complexity="0"><methods/><lines><line number="11" hits="9"/><line number="15" hits="18"/><line number="16" hits="9"/><line number="17" hits="9"/><line number="18" hits="9"/><line number="19" hits="9"/><line number="24" hits="9"/><line number="25" hits="9"/><line number="26" hits="9"/><line number="32" hits="3"/><line number="40" hits="3"/><line number="41" hits="1"/><line number="46" hits="2"/><line number="47" hits="2"/><line number="48" hits="2"/><line number="50" hits="1"/><line number="51" hits="1"/><line number="52" hits="1"/><line number="53" hits="1"/><line number="54" hits="1"/><line number="55" hits="1"/><line number="61" hits="1"/><line number="63" hits="1"/><line number="64" hits="1"/><line number="65" hits="1"/><line number="66" hits="1"/><line number="68" hits="1"/><line number="71" hits="1"/></lines></class><class name="state" filename="contracts/cw-ics20-latest/src/state.rs" line-rate="0.7567567567567568" branch-rate="0" complexity="0"><methods/><lines><line number="62" hits="28"/><line number="63" hits="28"/><line number="64" hits="28"/><line number="71" hits="81"/><line number="73" hits="81"/><line number="79" hits="81"/><line number="157" hits="8"/><line number="163" hits="8"/><line number="165" hits="8"/><line number="166" hits="8"/><line number="167" hits="8"/><line number="168" hits="8"/><line number="171" hits="7"/><line number="177" hits="7"/><line number="178" hits="12"/><line number="179" hits="2"/><line number="180" hits="2"/><line number="181" hits="2"/><line number="189" hits="0"/><line number="190" hits="0"/><line number="191" hits="0"/><line number="194" hits="5"/><line number="198" hits="1"/><line number="205" hits="2"/><line number="206" hits="1"/><line number="207" hits="1"/><line number="208" hits="2"/><line number="211" hits="1"/><line number="213" hits="1"/><line number="218" hits="0"/><line number="224" hits="0"/><line number="225" hits="0"/><line number="226" hits="0"/><line number="227" hits="0"/><line number="229" hits="0"/><line number="232" hits="40"/><line number="233" hits="40"/></lines></class></classes></package><package name="contracts/cw-ics20-latest/src/testing" line-rate="0" branch-rate="0" complexity="0"><classes></classes></package><package name="packages/cw20-ics20-msg/src" line-rate="0.8350515463917526" branch-rate="0" complexity="0"><classes><class name="amount" filename="packages/cw20-ics20-msg/src/amount.rs" line-rate="0.9032258064516129" branch-rate="0" complexity="0"><methods/><lines><line number="18" hits="41"/><line number="19" hits="55"/><line number="25" hits="27"/><line number="30" hits="11"/><line number="31" hits="11"/><line number="34" hits="5"/><line number="35" hits="5"/><line number="38" hits="8"/><line number="39" hits="8"/><line number="40" hits="4"/><line number="41" hits="4"/><line number="43" hits="4"/><line number="44" hits="4"/><line number="51" hits="10"/><line number="52" hits="10"/><line number="53" hits="4"/><line number="54" hits="6"/><line number="59" hits="6"/><line number="60" hits="6"/><line number="61" hits="3"/><line number="62" hits="3"/><line number="66" hits="23"/><line number="67" hits="23"/><line number="68" hits="9"/><line number="69" hits="14"/><line number="74" hits="0"/><line number="75" hits="0"/><line number="78" hits="0"/><line number="81" hits="18"/><line number="82" hits="18"/><line number="83" hits="9"/><line number="84" hits="9"/><line number="88" hits="13"/><line number="89" hits="13"/><line number="92" hits="5"/><line number="95" hits="8"/><line number="96" hits="16"/><line number="99" hits="0"/><line number="104" hits="8"/><line number="105" hits="8"/><line number="121" hits="2"/><line number="122" hits="2"/><line number="124" hits="2"/><line number="125" hits="2"/><line number="130" hits="26"/><line number="131" hits="52"/><line number="132" hits="26"/><line number="133" hits="52"/><line number="134" hits="78"/><line number="136" hits="0"/><line number="137" hits="0"/><line number="140" hits="26"/><line number="143" hits="15"/><line number="149" hits="15"/><line number="150" hits="15"/><line number="151" hits="15"/><line number="152" hits="15"/><line number="157" hits="11"/><line number="163" hits="11"/><line number="164" hits="11"/><line number="165" hits="11"/><line number="166" hits="11"/></lines></class><class name="converter" filename="packages/cw20-ics20-msg/src/converter.rs" line-rate="0.7446808510638298" branch-rate="0" complexity="0"><methods/><lines><line number="19" hits="9"/><line number="20" hits="9"/><line number="23" hits="6"/><line number="28" hits="6"/><line number="30" hits="6"/><line number="31" hits="6"/><line number="32" hits="6"/><line number="38" hits="3"/><line number="45" hits="3"/><line number="46" hits="1"/><line number="47" hits="1"/><line number="48" hits="1"/><line number="49" hits="1"/><line number="50" hits="1"/><line number="53" hits="2"/><line number="56" hits="1"/><line number="57" hits="1"/><line number="60" hits="1"/><line number="61" hits="1"/><line number="62" hits="1"/><line number="63" hits="1"/><line number="64" hits="1"/><line number="65" hits="1"/><line number="66" hits="1"/><line number="69" hits="0"/><line number="70" hits="0"/><line number="71" hits="0"/><line number="72" hits="0"/><line number="73" hits="0"/><line number="74" hits="0"/><line number="76" hits="0"/><line number="84" hits="1"/><line number="85" hits="1"/><line number="88" hits="1"/><line number="89" hits="0"/><line number="90" hits="0"/><line number="91" hits="0"/><line number="92" hits="0"/><line number="94" hits="0"/><line number="96" hits="1"/><line number="97" hits="1"/><line number="98" hits="1"/><line number="99" hits="1"/><line number="100" hits="1"/><line number="101" hits="1"/><line number="102" hits="1"/><line number="105" hits="1"/></lines></class><class name="helper" filename="packages/cw20-ics20-msg/src/helper.rs" line-rate="0.6521739130434783" branch-rate="0" complexity="0"><methods/><lines><line number="4" hits="21"/><line number="5" hits="36"/><line number="6" hits="6"/><line number="7" hits="6"/><line number="8" hits="6"/><line number="15" hits="4"/><line number="16" hits="4"/><line number="17" hits="2"/><line number="18" hits="2"/><line number="22" hits="32"/><line number="23" hits="32"/><line number="26" hits="7"/><line number="27" hits="14"/><line number="31" hits="0"/><line number="36" hits="2"/><line number="37" hits="4"/><line number="38" hits="0"/><line number="39" hits="0"/><line number="40" hits="0"/><line number="44" hits="0"/><line number="45" hits="0"/><line number="46" hits="0"/><line number="47" hits="0"/></lines></class><class name="ibc_hooks" filename="packages/cw20-ics20-msg/src/ibc_hooks.rs" line-rate="0.75" branch-rate="0" complexity="0"><methods/><lines><line number="21" hits="4"/><line number="22" hits="7"/><line number="23" hits="10"/><line number="25" hits="3"/><line number="29" hits="0"/><line number="30" hits="3"/><line number="33" hits="3"/><line number="35" hits="0"/><line number="39" hits="1"/><line number="40" hits="1"/><line number="44" hits="1"/><line number="46" hits="2"/><line number="48" hits="1"/><line number="50" hits="0"/><line number="52" hits="1"/><line number="53" hits="0"/><line number="54" hits="0"/><line number="55" hits="0"/><line number="59" hits="1"/><line number="60" hits="1"/><line number="61" hits="1"/><line number="62" hits="1"/><line number="63" hits="1"/><line number="64" hits="1"/></lines></class><class name="receiver" filename="packages/cw20-ics20-msg/src/receiver.rs" line-rate="1" branch-rate="0" complexity="0"><methods/><lines><line number="16" hits="3"/><line number="18" hits="3"/><line number="19" hits="3"/><line number="20" hits="3"/><line number="27" hits="26"/><line number="28" hits="26"/><line number="29" hits="26"/><line number="32" hits="26"/><line number="33" hits="26"/><line number="34" hits="26"/><line number="38" hits="6"/><line number="39" hits="6"/><line number="42" hits="6"/><line number="43" hits="10"/><line number="44" hits="16"/><line number="46" hits="3"/><line number="48" hits="2"/><line number="50" hits="2"/><line number="52" hits="2"/><line number="54" hits="1"/><line number="56" hits="2"/><line number="58" hits="1"/><line number="59" hits="1"/><line number="60" hits="1"/><line number="61" hits="1"/><line number="65" hits="9"/><line number="66" hits="9"/><line number="67" hits="5"/><line number="69" hits="5"/><line number="70" hits="1"/><line number="73" hits="4"/><line number="74" hits="1"/><line number="77" hits="3"/><line number="79" hits="4"/><line number="83" hits="9"/><line number="84" hits="9"/><line number="85" hits="9"/><line number="86" hits="9"/></lines></class></classes></package></packages></coverage>