<?xml version="1.0"?><coverage lines-covered="810" lines-valid="1230" line-rate="0.6585365853658537" branches-covered="0" branches-valid="0" branch-rate="0" complexity="0" version="1.9" timestamp="1711674973"><sources><source>/__w/ibc-bridge-wasm/ibc-bridge-wasm</source></sources><packages><package name="packages/cw20-ics20-msg/src" line-rate="0.8310502283105022" branch-rate="0" complexity="0"><classes><class name="amount" filename="packages/cw20-ics20-msg/src/amount.rs" line-rate="0.875" branch-rate="0" complexity="0"><methods/><lines><line number="18" hits="35"/><line number="19" hits="35"/><line number="20" hits="11"/><line number="21" hits="11"/><line number="23" hits="24"/><line number="27" hits="5"/><line number="28" hits="5"/><line number="29" hits="5"/><line number="30" hits="5"/><line number="34" hits="5"/><line number="35" hits="5"/><line number="36" hits="5"/><line number="37" hits="5"/><line number="41" hits="8"/><line number="42" hits="8"/><line number="43" hits="4"/><line number="44" hits="4"/><line number="46" hits="4"/><line number="47" hits="4"/><line number="54" hits="10"/><line number="55" hits="10"/><line number="56" hits="4"/><line number="57" hits="6"/><line number="62" hits="6"/><line number="63" hits="6"/><line number="64" hits="3"/><line number="65" hits="3"/><line number="69" hits="25"/><line number="70" hits="25"/><line number="71" hits="9"/><line number="72" hits="16"/><line number="77" hits="0"/><line number="78" hits="0"/><line number="79" hits="0"/><line number="80" hits="0"/><line number="81" hits="0"/><line number="82" hits="0"/><line number="85" hits="18"/><line number="86" hits="18"/><line number="87" hits="9"/><line number="88" hits="9"/><line number="92" hits="13"/><line number="93" hits="13"/><line number="96" hits="5"/><line number="99" hits="8"/><line number="100" hits="16"/><line number="103" hits="0"/><line number="108" hits="8"/><line number="109" hits="8"/><line number="125" hits="2"/><line number="127" hits="2"/><line number="128" hits="2"/><line number="129" hits="2"/><line number="130" hits="2"/><line number="135" hits="26"/><line number="136" hits="52"/><line number="137" hits="26"/><line number="138" hits="52"/><line number="139" hits="78"/><line number="141" hits="0"/><line number="142" hits="0"/><line number="145" hits="26"/><line number="148" hits="15"/><line number="154" hits="15"/><line number="155" hits="15"/><line number="156" hits="15"/><line number="157" hits="15"/><line number="162" hits="11"/><line number="168" hits="11"/><line number="169" hits="11"/><line number="170" hits="11"/><line number="171" hits="11"/></lines></class><class name="converter" filename="packages/cw20-ics20-msg/src/converter.rs" line-rate="0.7446808510638298" branch-rate="0" complexity="0"><methods/><lines><line number="19" hits="9"/><line number="20" hits="9"/><line number="23" hits="6"/><line number="28" hits="6"/><line number="29" hits="6"/><line number="30" hits="6"/><line number="31" hits="6"/><line number="34" hits="3"/><line number="35" hits="3"/><line number="39" hits="3"/><line number="46" hits="3"/><line number="48" hits="1"/><line number="49" hits="1"/><line number="50" hits="1"/><line number="51" hits="1"/><line number="52" hits="1"/><line number="56" hits="2"/><line number="59" hits="1"/><line number="60" hits="1"/><line number="63" hits="1"/><line number="64" hits="1"/><line number="65" hits="1"/><line number="66" hits="1"/><line number="67" hits="1"/><line number="69" hits="0"/><line number="70" hits="0"/><line number="71" hits="0"/><line number="72" hits="0"/><line number="73" hits="0"/><line number="74" hits="0"/><line number="76" hits="0"/><line number="84" hits="1"/><line number="85" hits="1"/><line number="88" hits="1"/><line number="89" hits="0"/><line number="90" hits="0"/><line number="91" hits="0"/><line number="92" hits="0"/><line number="94" hits="0"/><line number="96" hits="1"/><line number="97" hits="1"/><line number="98" hits="1"/><line number="99" hits="1"/><line number="100" hits="1"/><line number="101" hits="1"/><line number="102" hits="1"/><line number="105" hits="1"/></lines></class><class name="helper" filename="packages/cw20-ics20-msg/src/helper.rs" line-rate="0.7037037037037037" branch-rate="0" complexity="0"><methods/><lines><line number="4" hits="21"/><line number="5" hits="21"/><line number="6" hits="21"/><line number="7" hits="6"/><line number="8" hits="6"/><line number="9" hits="6"/><line number="12" hits="15"/><line number="15" hits="4"/><line number="16" hits="4"/><line number="17" hits="2"/><line number="18" hits="2"/><line number="22" hits="32"/><line number="23" hits="32"/><line number="26" hits="7"/><line number="27" hits="14"/><line number="31" hits="0"/><line number="36" hits="3"/><line number="37" hits="6"/><line number="38" hits="0"/><line number="39" hits="0"/><line number="40" hits="0"/><line number="43" hits="3"/><line number="44" hits="0"/><line number="45" hits="0"/><line number="46" hits="0"/><line number="47" hits="0"/><line number="51" hits="3"/></lines></class><class name="ibc_hooks" filename="packages/cw20-ics20-msg/src/ibc_hooks.rs" line-rate="0.75" branch-rate="0" complexity="0"><methods/><lines><line number="21" hits="4"/><line number="22" hits="7"/><line number="24" hits="1"/><line number="25" hits="1"/><line number="26" hits="1"/><line number="27" hits="1"/><line number="32" hits="3"/><line number="36" hits="0"/><line number="37" hits="3"/><line number="40" hits="3"/><line number="42" hits="0"/><line number="44" hits="2"/><line number="46" hits="2"/><line number="48" hits="2"/><line number="50" hits="0"/><line number="52" hits="2"/><line number="54" hits="0"/><line number="55" hits="0"/><line number="56" hits="0"/><line number="57" hits="0"/><line number="64" hits="1"/><line number="65" hits="1"/><line number="69" hits="1"/><line number="70" hits="1"/><line number="71" hits="1"/><line number="72" hits="1"/><line number="73" hits="1"/><line number="74" hits="1"/></lines></class><class name="receiver" filename="packages/cw20-ics20-msg/src/receiver.rs" line-rate="0.9777777777777777" branch-rate="0" complexity="0"><methods/><lines><line number="16" hits="3"/><line number="18" hits="3"/><line number="19" hits="3"/><line number="20" hits="3"/><line number="27" hits="26"/><line number="28" hits="52"/><line number="29" hits="15"/><line number="30" hits="11"/><line number="33" hits="26"/><line number="34" hits="14"/><line number="35" hits="12"/><line number="45" hits="6"/><line number="46" hits="6"/><line number="49" hits="6"/><line number="50" hits="10"/><line number="52" hits="2"/><line number="53" hits="2"/><line number="54" hits="2"/><line number="55" hits="2"/><line number="60" hits="3"/><line number="62" hits="2"/><line number="64" hits="2"/><line number="66" hits="2"/><line number="68" hits="1"/><line number="70" hits="2"/><line number="72" hits="1"/><line number="73" hits="1"/><line number="74" hits="1"/><line number="75" hits="1"/><line number="79" hits="9"/><line number="80" hits="9"/><line number="81" hits="5"/><line number="83" hits="5"/><line number="84" hits="1"/><line number="87" hits="4"/><line number="88" hits="1"/><line number="91" hits="3"/><line number="93" hits="4"/><line number="97" hits="9"/><line number="98" hits="9"/><line number="99" hits="3"/><line number="100" hits="6"/><line number="101" hits="6"/><line number="102" hits="0"/><line number="104" hits="6"/></lines></class></classes></package><package name="contracts/cw-ics20-latest/src" line-rate="0.6211671612265084" branch-rate="0" complexity="0"><classes><class name="contract" filename="contracts/cw-ics20-latest/src/contract.rs" line-rate="0.7950617283950617" branch-rate="0" complexity="0"><methods/><lines><line number="40" hits="21"/><line number="46" hits="21"/><line number="47" hits="42"/><line number="48" hits="0"/><line number="50" hits="21"/><line number="51" hits="21"/><line number="52" hits="21"/><line number="53" hits="21"/><line number="54" hits="21"/><line number="56" hits="21"/><line number="58" hits="21"/><line number="61" hits="29"/><line number="62" hits="4"/><line number="66" hits="0"/><line number="68" hits="21"/><line number="72" hits="46"/><line number="78" hits="46"/><line number="79" hits="3"/><line number="84" hits="3"/><line number="85" hits="6"/><line number="86" hits="3"/><line number="87" hits="3"/><line number="89" hits="24"/><line number="90" hits="2"/><line number="93" hits="2"/><line number="94" hits="2"/><line number="95" hits="2"/><line number="96" hits="2"/><line number="97" hits="2"/><line number="98" hits="2"/><line number="99" hits="2"/><line number="100" hits="2"/><line number="101" hits="2"/><line number="102" hits="2"/><line number="104" hits="2"/><line number="105" hits="2"/><line number="106" hits="2"/><line number="107" hits="2"/><line number="108" hits="2"/><line number="109" hits="2"/><line number="110" hits="2"/><line number="111" hits="2"/><line number="112" hits="2"/><line number="113" hits="2"/><line number="114" hits="2"/><line number="115" hits="2"/><line number="119" hits="8"/><line number="120" hits="8"/><line number="121" hits="8"/><line number="122" hits="8"/><line number="124" hits="8"/><line number="125" hits="8"/><line number="126" hits="8"/><line number="127" hits="8"/><line number="128" hits="8"/><line number="129" hits="8"/><line number="130" hits="8"/><line number="133" hits="4"/><line number="134" hits="4"/><line number="135" hits="4"/><line number="136" hits="4"/><line number="138" hits="4"/><line number="139" hits="4"/><line number="140" hits="4"/><line number="141" hits="4"/><line number="142" hits="4"/><line number="143" hits="4"/><line number="144" hits="4"/><line number="147" hits="0"/><line number="148" hits="0"/><line number="149" hits="0"/><line number="150" hits="0"/><line number="152" hits="0"/><line number="153" hits="0"/><line number="154" hits="0"/><line number="155" hits="0"/><line number="156" hits="0"/><line number="157" hits="0"/><line number="159" hits="0"/><line number="160" hits="0"/><line number="165" hits="12"/><line number="166" hits="12"/><line number="167" hits="4"/><line number="168" hits="4"/><line number="171" hits="8"/><line number="174" hits="2"/><line number="182" hits="3"/><line number="184" hits="1"/><line number="185" hits="1"/><line number="186" hits="1"/><line number="187" hits="1"/><line number="188" hits="1"/><line number="190" hits="1"/><line number="191" hits="1"/><line number="192" hits="1"/><line number="193" hits="1"/><line number="194" hits="1"/><line number="195" hits="1"/><line number="199" hits="8"/><line number="208" hits="10"/><line number="211" hits="6"/><line number="212" hits="6"/><line number="213" hits="6"/><line number="214" hits="6"/><line number="217" hits="6"/><line number="218" hits="6"/><line number="220" hits="0"/><line number="234" hits="2"/><line number="240" hits="6"/><line number="241" hits="6"/><line number="242" hits="6"/><line number="243" hits="6"/><line number="245" hits="6"/><line number="246" hits="6"/><line number="247" hits="6"/><line number="248" hits="6"/><line number="249" hits="6"/><line number="250" hits="6"/><line number="251" hits="6"/><line number="252" hits="6"/><line number="254" hits="6"/><line number="257" hits="4"/><line number="266" hits="6"/><line number="268" hits="2"/><line number="269" hits="2"/><line number="273" hits="2"/><line number="274" hits="2"/><line number="275" hits="2"/><line number="276" hits="2"/><line number="277" hits="2"/><line number="278" hits="2"/><line number="279" hits="2"/><line number="285" hits="2"/><line number="286" hits="2"/><line number="288" hits="0"/><line number="299" hits="2"/><line number="300" hits="1"/><line number="303" hits="2"/><line number="304" hits="2"/><line number="305" hits="2"/><line number="306" hits="2"/><line number="307" hits="2"/><line number="308" hits="2"/><line number="309" hits="2"/><line number="311" hits="2"/><line number="314" hits="2"/><line number="328" hits="3"/><line number="329" hits="2"/><line number="330" hits="5"/><line number="331" hits="0"/><line number="334" hits="2"/><line number="335" hits="3"/><line number="336" hits="0"/><line number="339" hits="2"/><line number="340" hits="2"/><line number="343" hits="2"/><line number="346" hits="2"/><line number="349" hits="3"/><line number="350" hits="1"/><line number="352" hits="3"/><line number="353" hits="1"/><line number="355" hits="3"/><line number="356" hits="1"/><line number="358" hits="1"/><line number="359" hits="1"/><line number="361" hits="2"/><line number="362" hits="1"/><line number="363" hits="0"/><line number="365" hits="1"/><line number="368" hits="3"/><line number="374" hits="3"/><line number="376" hits="3"/><line number="377" hits="3"/><line number="378" hits="3"/><line number="380" hits="3"/><line number="382" hits="3"/><line number="388" hits="0"/><line number="466" hits="6"/><line number="473" hits="6"/><line number="474" hits="0"/><line number="476" hits="6"/><line number="479" hits="6"/><line number="480" hits="0"/><line number="483" hits="10"/><line number="485" hits="12"/><line number="486" hits="6"/><line number="487" hits="6"/><line number="488" hits="6"/><line number="489" hits="6"/><line number="490" hits="6"/><line number="493" hits="14"/><line number="494" hits="6"/><line number="495" hits="2"/><line number="497" hits="4"/><line number="498" hits="4"/><line number="500" hits="0"/><line number="502" hits="8"/><line number="517" hits="4"/><line number="518" hits="4"/><line number="519" hits="4"/><line number="520" hits="4"/><line number="523" hits="4"/><line number="524" hits="0"/><line number="525" hits="0"/><line number="526" hits="0"/><line number="527" hits="0"/><line number="532" hits="4"/><line number="533" hits="4"/><line number="534" hits="4"/><line number="535" hits="4"/><line number="536" hits="4"/><line number="537" hits="4"/><line number="538" hits="4"/><line number="539" hits="4"/><line number="543" hits="4"/><line number="544" hits="0"/><line number="545" hits="0"/><line number="546" hits="0"/><line number="549" hits="4"/><line number="551" hits="4"/><line number="552" hits="0"/><line number="553" hits="0"/><line number="558" hits="4"/><line number="559" hits="4"/><line number="560" hits="0"/><line number="582" hits="2"/><line number="583" hits="2"/><line number="584" hits="2"/><line number="585" hits="2"/><line number="586" hits="2"/><line number="587" hits="2"/><line number="588" hits="2"/><line number="597" hits="0"/><line number="598" hits="0"/><line number="601" hits="2"/><line number="602" hits="2"/><line number="603" hits="2"/><line number="604" hits="2"/><line number="605" hits="2"/><line number="606" hits="2"/><line number="607" hits="2"/><line number="611" hits="7"/><line number="617" hits="7"/><line number="618" hits="3"/><line number="619" hits="1"/><line number="620" hits="1"/><line number="621" hits="1"/><line number="622" hits="1"/><line number="625" hits="2"/><line number="626" hits="2"/><line number="627" hits="2"/><line number="628" hits="2"/><line number="629" hits="2"/><line number="631" hits="2"/><line number="636" hits="4"/><line number="640" hits="11"/><line number="646" hits="11"/><line number="647" hits="5"/><line number="648" hits="1"/><line number="649" hits="1"/><line number="650" hits="1"/><line number="651" hits="1"/><line number="654" hits="4"/><line number="655" hits="4"/><line number="656" hits="4"/><line number="657" hits="4"/><line number="658" hits="4"/><line number="659" hits="4"/><line number="661" hits="4"/><line number="666" hits="6"/><line number="713" hits="24"/><line number="719" hits="25"/><line number="722" hits="23"/><line number="723" hits="23"/><line number="724" hits="23"/><line number="728" hits="23"/><line number="729" hits="4"/><line number="732" hits="23"/><line number="733" hits="23"/><line number="734" hits="23"/><line number="735" hits="23"/><line number="736" hits="23"/><line number="737" hits="23"/><line number="738" hits="23"/><line number="739" hits="23"/><line number="743" hits="23"/><line number="745" hits="23"/><line number="748" hits="23"/><line number="750" hits="23"/><line number="753" hits="2"/><line number="759" hits="3"/><line number="762" hits="1"/><line number="763" hits="1"/><line number="764" hits="1"/><line number="767" hits="1"/><line number="769" hits="1"/><line number="771" hits="1"/><line number="772" hits="1"/><line number="773" hits="1"/><line number="777" hits="0"/><line number="779" hits="0"/><line number="780" hits="0"/><line number="781" hits="0"/><line number="782" hits="0"/><line number="783" hits="0"/><line number="784" hits="0"/><line number="785" hits="0"/><line number="786" hits="0"/><line number="787" hits="0"/><line number="788" hits="0"/><line number="792" hits="0"/><line number="794" hits="0"/><line number="798" hits="12"/><line number="799" hits="12"/><line number="800" hits="0"/><line number="801" hits="1"/><line number="802" hits="3"/><line number="803" hits="0"/><line number="804" hits="0"/><line number="806" hits="1"/><line number="807" hits="0"/><line number="809" hits="0"/><line number="810" hits="0"/><line number="811" hits="0"/><line number="812" hits="0"/><line number="814" hits="5"/><line number="815" hits="5"/><line number="816" hits="5"/><line number="817" hits="5"/><line number="818" hits="0"/><line number="819" hits="3"/><line number="820" hits="3"/><line number="822" hits="0"/><line number="823" hits="0"/><line number="824" hits="0"/><line number="829" hits="0"/><line number="830" hits="0"/><line number="831" hits="0"/><line number="835" hits="1"/><line number="836" hits="2"/><line number="837" hits="1"/><line number="838" hits="8"/><line number="844" hits="4"/><line number="845" hits="8"/><line number="848" hits="3"/><line number="851" hits="2"/><line number="853" hits="4"/><line number="854" hits="2"/><line number="855" hits="2"/><line number="856" hits="2"/><line number="861" hits="3"/><line number="863" hits="3"/><line number="864" hits="3"/><line number="865" hits="3"/><line number="866" hits="3"/><line number="870" hits="2"/><line number="875" hits="4"/><line number="877" hits="2"/><line number="879" hits="2"/><line number="880" hits="2"/><line number="881" hits="2"/><line number="882" hits="2"/><line number="885" hits="2"/><line number="886" hits="2"/><line number="887" hits="2"/><line number="888" hits="2"/><line number="892" hits="1"/><line number="893" hits="2"/><line number="894" hits="1"/><line number="910" hits="1"/><line number="917" hits="1"/><line number="919" hits="1"/><line number="922" hits="0"/><line number="923" hits="0"/><line number="924" hits="0"/><line number="925" hits="0"/><line number="932" hits="0"/><line number="942" hits="0"/><line number="948" hits="0"/><line number="949" hits="0"/><line number="952" hits="0"/><line number="955" hits="0"/><line number="956" hits="0"/><line number="957" hits="0"/><line number="958" hits="0"/><line number="962" hits="0"/><line number="965" hits="5"/><line number="971" hits="5"/><line number="972" hits="5"/><line number="973" hits="5"/><line number="977" hits="10"/><line number="978" hits="5"/><line number="979" hits="9"/><line number="980" hits="8"/><line number="981" hits="4"/><line number="982" hits="4"/><line number="989" hits="0"/><line number="990" hits="0"/><line number="997" hits="5"/><line number="998" hits="5"/><line number="999" hits="0"/><line number="1000" hits="0"/><line number="1001" hits="0"/><line number="1003" hits="0"/><line number="1006" hits="5"/></lines></class><class name="ibc" filename="contracts/cw-ics20-latest/src/ibc.rs" line-rate="0.5578231292517006" branch-rate="0" complexity="0"><methods/><lines><line number="55" hits="8"/><line number="63" hits="8"/><line number="65" hits="8"/><line number="66" hits="8"/><line number="71" hits="5"/><line number="72" hits="5"/><line number="73" hits="0"/><line number="75" hits="5"/><line number="90" hits="2"/><line number="91" hits="2"/><line number="92" hits="2"/><line number="96" hits="1"/><line number="97" hits="1"/><line number="98" hits="1"/><line number="111" hits="0"/><line number="112" hits="0"/><line number="114" hits="0"/><line number="115" hits="0"/><line number="118" hits="0"/><line number="119" hits="0"/><line number="120" hits="0"/><line number="121" hits="0"/><line number="124" hits="0"/><line number="125" hits="0"/><line number="128" hits="0"/><line number="129" hits="0"/><line number="139" hits="0"/><line number="140" hits="0"/><line number="141" hits="0"/><line number="142" hits="0"/><line number="143" hits="0"/><line number="148" hits="0"/><line number="149" hits="0"/><line number="150" hits="0"/><line number="151" hits="0"/><line number="163" hits="0"/><line number="164" hits="0"/><line number="165" hits="0"/><line number="166" hits="0"/><line number="169" hits="0"/><line number="171" hits="0"/><line number="172" hits="0"/><line number="173" hits="0"/><line number="174" hits="0"/><line number="175" hits="0"/><line number="176" hits="0"/><line number="177" hits="0"/><line number="178" hits="0"/><line number="179" hits="0"/><line number="184" hits="0"/><line number="185" hits="0"/><line number="186" hits="0"/><line number="188" hits="0"/><line number="189" hits="0"/><line number="190" hits="0"/><line number="194" hits="0"/><line number="195" hits="0"/><line number="196" hits="0"/><line number="198" hits="0"/><line number="199" hits="0"/><line number="200" hits="0"/><line number="203" hits="0"/><line number="204" hits="0"/><line number="207" hits="0"/><line number="208" hits="0"/><line number="210" hits="0"/><line number="212" hits="0"/><line number="213" hits="0"/><line number="214" hits="0"/><line number="215" hits="0"/><line number="216" hits="0"/><line number="219" hits="0"/><line number="225" hits="31"/><line number="230" hits="31"/><line number="231" hits="31"/><line number="236" hits="31"/><line number="242" hits="31"/><line number="244" hits="31"/><line number="246" hits="31"/><line number="247" hits="31"/><line number="248" hits="31"/><line number="250" hits="31"/><line number="252" hits="31"/><line number="255" hits="62"/><line number="259" hits="62"/><line number="260" hits="0"/><line number="261" hits="0"/><line number="264" hits="31"/><line number="266" hits="0"/><line number="267" hits="0"/><line number="271" hits="62"/><line number="272" hits="0"/><line number="274" hits="62"/><line number="278" hits="0"/><line number="291" hits="3"/><line number="296" hits="3"/><line number="299" hits="3"/><line number="300" hits="3"/><line number="301" hits="3"/><line number="302" hits="3"/><line number="303" hits="3"/><line number="304" hits="3"/><line number="306" hits="4"/><line number="307" hits="1"/><line number="310" hits="1"/><line number="311" hits="1"/><line number="312" hits="1"/><line number="313" hits="1"/><line number="314" hits="1"/><line number="315" hits="1"/><line number="316" hits="1"/><line number="317" hits="1"/><line number="324" hits="13"/><line number="328" hits="13"/><line number="331" hits="13"/><line number="332" hits="4"/><line number="334" hits="9"/><line number="335" hits="1"/><line number="338" hits="8"/><line number="339" hits="1"/><line number="340" hits="1"/><line number="343" hits="7"/><line number="344" hits="3"/><line number="345" hits="3"/><line number="349" hits="4"/><line number="354" hits="3"/><line number="355" hits="3"/><line number="357" hits="3"/><line number="358" hits="2"/><line number="359" hits="2"/><line number="362" hits="1"/><line number="367" hits="3"/><line number="368" hits="3"/><line number="370" hits="3"/><line number="371" hits="2"/><line number="372" hits="2"/><line number="375" hits="1"/><line number="378" hits="6"/><line number="381" hits="6"/><line number="383" hits="6"/><line number="384" hits="5"/><line number="385" hits="5"/><line number="388" hits="1"/><line number="392" hits="3"/><line number="400" hits="6"/><line number="405" hits="3"/><line number="409" hits="3"/><line number="410" hits="3"/><line number="414" hits="0"/><line number="417" hits="3"/><line number="427" hits="6"/><line number="442" hits="2"/><line number="444" hits="2"/><line number="464" hits="2"/><line number="479" hits="2"/><line number="481" hits="2"/><line number="484" hits="0"/><line number="485" hits="0"/><line number="486" hits="0"/><line number="487" hits="0"/><line number="488" hits="0"/><line number="493" hits="0"/><line number="496" hits="0"/><line number="497" hits="0"/><line number="519" hits="0"/><line number="520" hits="0"/><line number="521" hits="0"/><line number="522" hits="0"/><line number="524" hits="0"/><line number="525" hits="0"/><line number="529" hits="0"/><line number="530" hits="0"/><line number="531" hits="0"/><line number="532" hits="0"/><line number="533" hits="0"/><line number="534" hits="0"/><line number="535" hits="0"/><line number="537" hits="0"/><line number="541" hits="2"/><line number="542" hits="0"/><line number="543" hits="0"/><line number="544" hits="0"/><line number="545" hits="0"/><line number="546" hits="0"/><line number="547" hits="0"/><line number="548" hits="0"/><line number="549" hits="0"/><line number="552" hits="2"/><line number="553" hits="2"/><line number="554" hits="2"/><line number="555" hits="2"/><line number="556" hits="2"/><line number="559" hits="2"/><line number="560" hits="0"/><line number="563" hits="2"/><line number="587" hits="0"/><line number="588" hits="0"/><line number="591" hits="2"/><line number="594" hits="5"/><line number="607" hits="10"/><line number="619" hits="4"/><line number="623" hits="1"/><line number="630" hits="1"/><line number="631" hits="0"/><line number="632" hits="1"/><line number="643" hits="0"/><line number="644" hits="0"/><line number="645" hits="0"/><line number="646" hits="0"/><line number="648" hits="0"/><line number="649" hits="0"/><line number="650" hits="0"/><line number="651" hits="0"/><line number="652" hits="0"/><line number="654" hits="0"/><line number="656" hits="0"/><line number="658" hits="0"/><line number="659" hits="0"/><line number="666" hits="0"/><line number="673" hits="0"/><line number="681" hits="0"/><line number="682" hits="0"/><line number="687" hits="1"/><line number="688" hits="1"/><line number="689" hits="1"/><line number="690" hits="1"/><line number="691" hits="1"/><line number="692" hits="1"/><line number="693" hits="1"/><line number="694" hits="1"/><line number="697" hits="0"/><line number="702" hits="1"/><line number="704" hits="1"/><line number="705" hits="1"/><line number="708" hits="1"/><line number="709" hits="0"/><line number="714" hits="1"/><line number="715" hits="1"/><line number="716" hits="1"/><line number="717" hits="1"/><line number="718" hits="1"/><line number="719" hits="1"/><line number="720" hits="1"/><line number="723" hits="1"/><line number="724" hits="1"/><line number="726" hits="0"/><line number="727" hits="0"/><line number="730" hits="6"/><line number="737" hits="6"/><line number="739" hits="6"/><line number="740" hits="6"/><line number="741" hits="3"/><line number="743" hits="3"/><line number="744" hits="3"/><line number="745" hits="3"/><line number="746" hits="3"/><line number="749" hits="4"/><line number="750" hits="1"/><line number="751" hits="1"/><line number="752" hits="1"/><line number="755" hits="3"/><line number="758" hits="5"/><line number="768" hits="5"/><line number="769" hits="2"/><line number="772" hits="4"/><line number="774" hits="5"/><line number="775" hits="2"/><line number="777" hits="1"/><line number="779" hits="2"/><line number="781" hits="2"/><line number="782" hits="2"/><line number="783" hits="2"/><line number="784" hits="2"/><line number="785" hits="2"/><line number="786" hits="2"/><line number="787" hits="2"/><line number="793" hits="2"/><line number="796" hits="7"/><line number="807" hits="7"/><line number="808" hits="2"/><line number="809" hits="2"/><line number="812" hits="5"/><line number="813" hits="5"/><line number="814" hits="5"/><line number="815" hits="3"/><line number="828" hits="1"/><line number="831" hits="3"/><line number="832" hits="3"/><line number="833" hits="3"/><line number="851" hits="2"/><line number="853" hits="1"/><line number="854" hits="1"/><line number="855" hits="1"/><line number="856" hits="1"/><line number="860" hits="0"/><line number="861" hits="0"/><line number="862" hits="0"/><line number="863" hits="0"/><line number="864" hits="0"/><line number="868" hits="1"/><line number="869" hits="1"/><line number="870" hits="1"/><line number="873" hits="1"/><line number="874" hits="1"/><line number="879" hits="3"/><line number="891" hits="3"/><line number="892" hits="3"/><line number="893" hits="3"/><line number="908" hits="3"/><line number="916" hits="3"/><line number="919" hits="3"/><line number="920" hits="3"/><line number="921" hits="3"/><line number="925" hits="0"/><line number="926" hits="0"/><line number="927" hits="0"/><line number="929" hits="0"/><line number="930" hits="0"/><line number="932" hits="0"/><line number="933" hits="0"/><line number="934" hits="0"/><line number="935" hits="0"/><line number="939" hits="0"/><line number="943" hits="6"/><line number="952" hits="6"/><line number="953" hits="6"/><line number="954" hits="6"/><line number="976" hits="0"/><line number="977" hits="0"/><line number="978" hits="0"/><line number="979" hits="0"/><line number="982" hits="6"/><line number="983" hits="0"/><line number="984" hits="0"/><line number="985" hits="0"/><line number="986" hits="0"/><line number="988" hits="6"/><line number="991" hits="8"/><line number="996" hits="16"/><line number="997" hits="7"/><line number="999" hits="7"/><line number="1000" hits="7"/><line number="1002" hits="1"/><line number="1005" hits="11"/><line number="1016" hits="11"/><line number="1018" hits="22"/><line number="1019" hits="3"/><line number="1021" hits="8"/><line number="1022" hits="8"/><line number="1023" hits="1"/><line number="1025" hits="7"/><line number="1028" hits="11"/><line number="1031" hits="9"/><line number="1035" hits="2"/><line number="1036" hits="2"/><line number="1037" hits="2"/><line number="1038" hits="2"/><line number="1041" hits="2"/><line number="1044" hits="10"/><line number="1046" hits="10"/><line number="1047" hits="1"/><line number="1049" hits="9"/><line number="1050" hits="9"/><line number="1051" hits="9"/><line number="1055" hits="3"/><line number="1062" hits="3"/><line number="1064" hits="3"/><line number="1065" hits="3"/><line number="1067" hits="0"/><line number="1069" hits="0"/><line number="1070" hits="0"/><line number="1071" hits="0"/><line number="1072" hits="0"/><line number="1074" hits="0"/><line number="1077" hits="0"/><line number="1082" hits="7"/><line number="1083" hits="7"/><line number="1084" hits="5"/><line number="1085" hits="2"/><line number="1089" hits="0"/><line number="1094" hits="0"/><line number="1095" hits="0"/><line number="1096" hits="0"/><line number="1097" hits="0"/><line number="1098" hits="0"/><line number="1099" hits="0"/><line number="1101" hits="0"/><line number="1103" hits="0"/><line number="1108" hits="0"/><line number="1109" hits="0"/><line number="1112" hits="0"/><line number="1121" hits="0"/><line number="1122" hits="0"/><line number="1123" hits="0"/><line number="1124" hits="0"/><line number="1130" hits="0"/><line number="1137" hits="0"/><line number="1139" hits="0"/><line number="1140" hits="0"/><line number="1146" hits="0"/><line number="1151" hits="0"/><line number="1152" hits="0"/><line number="1156" hits="0"/><line number="1157" hits="0"/><line number="1181" hits="0"/><line number="1186" hits="0"/><line number="1189" hits="0"/><line number="1190" hits="0"/><line number="1193" hits="0"/><line number="1195" hits="0"/><line number="1197" hits="0"/><line number="1198" hits="0"/><line number="1200" hits="0"/><line number="1201" hits="0"/><line number="1202" hits="0"/><line number="1203" hits="0"/><line number="1205" hits="0"/><line number="1207" hits="0"/><line number="1212" hits="3"/><line number="1220" hits="6"/><line number="1234" hits="2"/><line number="1240" hits="1"/><line number="1241" hits="1"/><line number="1242" hits="1"/><line number="1244" hits="0"/><line number="1247" hits="1"/><line number="1255" hits="5"/><line number="1266" hits="5"/><line number="1267" hits="5"/><line number="1268" hits="5"/><line number="1269" hits="5"/><line number="1270" hits="5"/><line number="1272" hits="5"/><line number="1274" hits="10"/><line number="1278" hits="5"/><line number="1279" hits="5"/><line number="1280" hits="5"/><line number="1284" hits="0"/><line number="1285" hits="0"/><line number="1286" hits="0"/><line number="1290" hits="0"/></lines></class><class name="ibc_hooks" filename="contracts/cw-ics20-latest/src/ibc_hooks.rs" line-rate="0" branch-rate="0" complexity="0"><methods/><lines><line number="20" hits="0"/><line number="27" hits="0"/><line number="28" hits="0"/><line number="32" hits="0"/><line number="38" hits="0"/><line number="40" hits="0"/><line number="42" hits="0"/><line number="53" hits="0"/><line number="62" hits="0"/><line number="67" hits="0"/><line number="68" hits="0"/><line number="69" hits="0"/><line number="72" hits="0"/><line number="73" hits="0"/><line number="74" hits="0"/><line number="75" hits="0"/><line number="76" hits="0"/><line number="89" hits="0"/><line number="90" hits="0"/><line number="91" hits="0"/><line number="92" hits="0"/><line number="93" hits="0"/><line number="94" hits="0"/><line number="95" hits="0"/><line number="96" hits="0"/><line number="97" hits="0"/><line number="98" hits="0"/><line number="99" hits="0"/><line number="100" hits="0"/><line number="101" hits="0"/><line number="109" hits="0"/><line number="110" hits="0"/><line number="111" hits="0"/><line number="116" hits="0"/><line number="118" hits="0"/><line number="119" hits="0"/><line number="120" hits="0"/><line number="121" hits="0"/><line number="122" hits="0"/><line number="123" hits="0"/><line number="124" hits="0"/><line number="129" hits="0"/><line number="130" hits="0"/><line number="131" hits="0"/><line number="133" hits="0"/><line number="134" hits="0"/><line number="135" hits="0"/><line number="136" hits="0"/><line number="137" hits="0"/><line number="138" hits="0"/><line number="139" hits="0"/><line number="140" hits="0"/><line number="144" hits="0"/><line number="145" hits="0"/><line number="146" hits="0"/><line number="147" hits="0"/><line number="148" hits="0"/><line number="149" hits="0"/><line number="152" hits="0"/><line number="153" hits="0"/><line number="154" hits="0"/><line number="155" hits="0"/><line number="156" hits="0"/><line number="157" hits="0"/><line number="161" hits="0"/><line number="162" hits="0"/><line number="163" hits="0"/><line number="166" hits="0"/><line number="167" hits="0"/><line number="170" hits="0"/><line number="171" hits="0"/><line number="172" hits="0"/><line number="173" hits="0"/><line number="174" hits="0"/><line number="175" hits="0"/><line number="176" hits="0"/><line number="177" hits="0"/><line number="178" hits="0"/><line number="179" hits="0"/><line number="180" hits="0"/><line number="181" hits="0"/><line number="186" hits="0"/><line number="187" hits="0"/><line number="188" hits="0"/><line number="189" hits="0"/><line number="193" hits="0"/><line number="194" hits="0"/><line number="195" hits="0"/><line number="196" hits="0"/><line number="197" hits="0"/><line number="200" hits="0"/><line number="201" hits="0"/><line number="202" hits="0"/><line number="203" hits="0"/><line number="204" hits="0"/><line number="205" hits="0"/><line number="206" hits="0"/><line number="207" hits="0"/><line number="209" hits="0"/></lines></class><class name="query_helper" filename="contracts/cw-ics20-latest/src/query_helper.rs" line-rate="1" branch-rate="0" complexity="0"><methods/><lines><line number="11" hits="9"/><line number="15" hits="18"/><line number="16" hits="9"/><line number="17" hits="9"/><line number="18" hits="9"/><line number="19" hits="9"/><line number="24" hits="9"/><line number="25" hits="9"/><line number="26" hits="9"/><line number="32" hits="3"/><line number="40" hits="3"/><line number="41" hits="1"/><line number="46" hits="2"/><line number="47" hits="2"/><line number="48" hits="2"/><line number="50" hits="1"/><line number="51" hits="1"/><line number="52" hits="1"/><line number="53" hits="1"/><line number="54" hits="1"/><line number="55" hits="1"/><line number="61" hits="1"/><line number="63" hits="1"/><line number="64" hits="1"/><line number="65" hits="1"/><line number="66" hits="1"/><line number="68" hits="1"/><line number="71" hits="1"/></lines></class><class name="state" filename="contracts/cw-ics20-latest/src/state.rs" line-rate="0.8421052631578947" branch-rate="0" complexity="0"><methods/><lines><line number="62" hits="28"/><line number="63" hits="28"/><line number="64" hits="28"/><line number="69" hits="81"/><line number="71" hits="81"/><line number="77" hits="81"/><line number="155" hits="8"/><line number="161" hits="16"/><line number="162" hits="8"/><line number="163" hits="8"/><line number="164" hits="8"/><line number="165" hits="8"/><line number="167" hits="8"/><line number="170" hits="7"/><line number="176" hits="7"/><line number="177" hits="7"/><line number="178" hits="7"/><line number="179" hits="14"/><line number="181" hits="12"/><line number="182" hits="7"/><line number="183" hits="7"/><line number="192" hits="5"/><line number="195" hits="5"/><line number="199" hits="1"/><line number="206" hits="2"/><line number="207" hits="1"/><line number="208" hits="1"/><line number="209" hits="2"/><line number="212" hits="1"/><line number="214" hits="1"/><line number="219" hits="0"/><line number="225" hits="0"/><line number="226" hits="0"/><line number="227" hits="0"/><line number="228" hits="0"/><line number="230" hits="0"/><line number="233" hits="40"/><line number="234" hits="40"/></lines></class></classes></package><package name="contracts/cw-ics20-latest/src/testing" line-rate="0" branch-rate="0" complexity="0"><classes></classes></package></packages></coverage>