<?xml version="1.0"?><coverage lines-covered="660" lines-valid="888" line-rate="0.7432432432432432" branches-covered="0" branches-valid="0" branch-rate="0" complexity="0" version="1.9" timestamp="1722854433"><sources><source>/__w/ibc-bridge-wasm/ibc-bridge-wasm</source></sources><packages><package name="contracts/cw-ics20-latest/src/testing" line-rate="0" branch-rate="0" complexity="0"><classes></classes></package><package name="packages/cw20-ics20-msg/src" line-rate="0.8037974683544303" branch-rate="0" complexity="0"><classes><class name="amount" filename="packages/cw20-ics20-msg/src/amount.rs" line-rate="0.921875" branch-rate="0" complexity="0"><methods/><lines><line number="18" hits="41"/><line number="19" hits="55"/><line number="25" hits="27"/><line number="30" hits="8"/><line number="31" hits="8"/><line number="34" hits="5"/><line number="35" hits="5"/><line number="38" hits="8"/><line number="39" hits="8"/><line number="40" hits="4"/><line number="41" hits="4"/><line number="43" hits="4"/><line number="44" hits="4"/><line number="51" hits="10"/><line number="52" hits="10"/><line number="53" hits="4"/><line number="54" hits="6"/><line number="59" hits="6"/><line number="60" hits="6"/><line number="61" hits="3"/><line number="62" hits="3"/><line number="66" hits="20"/><line number="67" hits="20"/><line number="68" hits="9"/><line number="69" hits="11"/><line number="74" hits="0"/><line number="75" hits="0"/><line number="78" hits="0"/><line number="81" hits="18"/><line number="82" hits="18"/><line number="83" hits="9"/><line number="84" hits="9"/><line number="88" hits="12"/><line number="89" hits="12"/><line number="90" hits="6"/><line number="91" hits="1"/><line number="101" hits="5"/><line number="106" hits="6"/><line number="107" hits="13"/><line number="110" hits="1"/><line number="115" hits="5"/><line number="116" hits="5"/><line number="132" hits="2"/><line number="133" hits="2"/><line number="135" hits="2"/><line number="136" hits="2"/><line number="141" hits="20"/><line number="142" hits="40"/><line number="143" hits="20"/><line number="144" hits="40"/><line number="145" hits="60"/><line number="147" hits="0"/><line number="148" hits="0"/><line number="151" hits="20"/><line number="154" hits="15"/><line number="160" hits="15"/><line number="161" hits="15"/><line number="162" hits="15"/><line number="163" hits="15"/><line number="168" hits="5"/><line number="174" hits="5"/><line number="175" hits="5"/><line number="176" hits="5"/><line number="177" hits="5"/></lines></class><class name="converter" filename="packages/cw20-ics20-msg/src/converter.rs" line-rate="0.7446808510638298" branch-rate="0" complexity="0"><methods/><lines><line number="19" hits="8"/><line number="20" hits="8"/><line number="23" hits="5"/><line number="28" hits="5"/><line number="30" hits="5"/><line number="31" hits="5"/><line number="32" hits="5"/><line number="38" hits="3"/><line number="45" hits="3"/><line number="46" hits="1"/><line number="47" hits="1"/><line number="48" hits="1"/><line number="49" hits="1"/><line number="50" hits="1"/><line number="53" hits="2"/><line number="56" hits="1"/><line number="57" hits="1"/><line number="60" hits="1"/><line number="61" hits="1"/><line number="62" hits="1"/><line number="63" hits="1"/><line number="64" hits="1"/><line number="65" hits="1"/><line number="66" hits="1"/><line number="69" hits="0"/><line number="70" hits="0"/><line number="71" hits="0"/><line number="72" hits="0"/><line number="73" hits="0"/><line number="74" hits="0"/><line number="76" hits="0"/><line number="84" hits="1"/><line number="85" hits="1"/><line number="88" hits="1"/><line number="89" hits="0"/><line number="90" hits="0"/><line number="91" hits="0"/><line number="92" hits="0"/><line number="94" hits="0"/><line number="96" hits="1"/><line number="97" hits="1"/><line number="98" hits="1"/><line number="99" hits="1"/><line number="100" hits="1"/><line number="101" hits="1"/><line number="102" hits="1"/><line number="105" hits="1"/></lines></class><class name="helper" filename="packages/cw20-ics20-msg/src/helper.rs" line-rate="0.6521739130434783" branch-rate="0" complexity="0"><methods/><lines><line number="4" hits="12"/><line number="5" hits="21"/><line number="6" hits="3"/><line number="7" hits="3"/><line number="8" hits="3"/><line number="15" hits="4"/><line number="16" hits="4"/><line number="17" hits="2"/><line number="18" hits="2"/><line number="22" hits="30"/><line number="23" hits="30"/><line number="26" hits="7"/><line number="27" hits="14"/><line number="31" hits="0"/><line number="36" hits="2"/><line number="37" hits="4"/><line number="38" hits="0"/><line number="39" hits="0"/><line number="40" hits="0"/><line number="44" hits="0"/><line number="45" hits="0"/><line number="46" hits="0"/><line number="47" hits="0"/></lines></class><class name="ibc_hooks" filename="packages/cw20-ics20-msg/src/ibc_hooks.rs" line-rate="0.75" branch-rate="0" complexity="0"><methods/><lines><line number="21" hits="4"/><line number="22" hits="7"/><line number="23" hits="10"/><line number="25" hits="3"/><line number="29" hits="0"/><line number="30" hits="3"/><line number="33" hits="3"/><line number="35" hits="0"/><line number="39" hits="1"/><line number="40" hits="1"/><line number="44" hits="1"/><line number="46" hits="2"/><line number="48" hits="1"/><line number="50" hits="0"/><line number="52" hits="1"/><line number="53" hits="0"/><line number="54" hits="0"/><line number="55" hits="0"/><line number="59" hits="1"/><line number="60" hits="1"/><line number="61" hits="1"/><line number="62" hits="1"/><line number="63" hits="1"/><line number="64" hits="1"/></lines></class></classes></package><package name="contracts/cw-ics20-latest/src" line-rate="0.7301369863013699" branch-rate="0" complexity="0"><classes><class name="contract" filename="contracts/cw-ics20-latest/src/contract.rs" line-rate="0.8025974025974026" branch-rate="0" complexity="0"><methods/><lines><line number="40" hits="18"/><line number="46" hits="18"/><line number="47" hits="36"/><line number="48" hits="0"/><line number="50" hits="18"/><line number="51" hits="18"/><line number="52" hits="18"/><line number="53" hits="18"/><line number="54" hits="18"/><line number="56" hits="18"/><line number="57" hits="18"/><line number="59" hits="18"/><line number="62" hits="20"/><line number="63" hits="1"/><line number="67" hits="0"/><line number="69" hits="18"/><line number="73" hits="44"/><line number="79" hits="44"/><line number="80" hits="3"/><line number="85" hits="3"/><line number="86" hits="6"/><line number="87" hits="3"/><line number="88" hits="3"/><line number="90" hits="22"/><line number="91" hits="2"/><line number="94" hits="2"/><line number="95" hits="2"/><line number="96" hits="2"/><line number="97" hits="2"/><line number="98" hits="2"/><line number="99" hits="2"/><line number="100" hits="2"/><line number="101" hits="2"/><line number="102" hits="2"/><line number="103" hits="2"/><line number="105" hits="2"/><line number="106" hits="2"/><line number="107" hits="2"/><line number="108" hits="2"/><line number="109" hits="2"/><line number="110" hits="2"/><line number="111" hits="2"/><line number="112" hits="2"/><line number="113" hits="2"/><line number="114" hits="2"/><line number="115" hits="2"/><line number="116" hits="2"/><line number="120" hits="8"/><line number="121" hits="8"/><line number="122" hits="8"/><line number="123" hits="8"/><line number="125" hits="8"/><line number="126" hits="8"/><line number="127" hits="8"/><line number="128" hits="8"/><line number="129" hits="8"/><line number="130" hits="8"/><line number="131" hits="8"/><line number="134" hits="4"/><line number="135" hits="4"/><line number="136" hits="4"/><line number="137" hits="4"/><line number="139" hits="4"/><line number="140" hits="4"/><line number="141" hits="4"/><line number="142" hits="4"/><line number="143" hits="4"/><line number="144" hits="4"/><line number="145" hits="4"/><line number="148" hits="0"/><line number="149" hits="0"/><line number="150" hits="0"/><line number="151" hits="0"/><line number="153" hits="0"/><line number="154" hits="0"/><line number="155" hits="0"/><line number="156" hits="0"/><line number="157" hits="0"/><line number="158" hits="0"/><line number="161" hits="0"/><line number="162" hits="0"/><line number="163" hits="0"/><line number="164" hits="0"/><line number="168" hits="12"/><line number="169" hits="12"/><line number="170" hits="4"/><line number="171" hits="4"/><line number="174" hits="8"/><line number="177" hits="2"/><line number="185" hits="3"/><line number="187" hits="1"/><line number="188" hits="1"/><line number="189" hits="1"/><line number="190" hits="1"/><line number="191" hits="1"/><line number="193" hits="1"/><line number="194" hits="1"/><line number="195" hits="1"/><line number="196" hits="1"/><line number="197" hits="1"/><line number="198" hits="1"/><line number="202" hits="8"/><line number="211" hits="10"/><line number="213" hits="6"/><line number="215" hits="6"/><line number="216" hits="6"/><line number="218" hits="0"/><line number="232" hits="2"/><line number="238" hits="6"/><line number="239" hits="6"/><line number="241" hits="6"/><line number="243" hits="6"/><line number="244" hits="6"/><line number="245" hits="6"/><line number="246" hits="6"/><line number="247" hits="6"/><line number="248" hits="6"/><line number="249" hits="6"/><line number="250" hits="6"/><line number="252" hits="6"/><line number="255" hits="4"/><line number="264" hits="6"/><line number="266" hits="2"/><line number="267" hits="2"/><line number="271" hits="2"/><line number="272" hits="2"/><line number="273" hits="2"/><line number="274" hits="2"/><line number="275" hits="2"/><line number="276" hits="2"/><line number="277" hits="2"/><line number="283" hits="2"/><line number="284" hits="2"/><line number="286" hits="0"/><line number="297" hits="2"/><line number="298" hits="1"/><line number="301" hits="2"/><line number="302" hits="2"/><line number="303" hits="2"/><line number="304" hits="2"/><line number="305" hits="2"/><line number="306" hits="2"/><line number="307" hits="2"/><line number="309" hits="2"/><line number="313" hits="2"/><line number="327" hits="3"/><line number="328" hits="2"/><line number="329" hits="5"/><line number="330" hits="0"/><line number="333" hits="2"/><line number="334" hits="3"/><line number="335" hits="0"/><line number="338" hits="2"/><line number="339" hits="2"/><line number="342" hits="2"/><line number="345" hits="3"/><line number="346" hits="1"/><line number="348" hits="3"/><line number="349" hits="1"/><line number="351" hits="2"/><line number="354" hits="3"/><line number="355" hits="1"/><line number="357" hits="1"/><line number="358" hits="1"/><line number="360" hits="2"/><line number="361" hits="1"/><line number="362" hits="0"/><line number="364" hits="1"/><line number="367" hits="3"/><line number="373" hits="3"/><line number="375" hits="3"/><line number="376" hits="3"/><line number="378" hits="3"/><line number="384" hits="0"/><line number="462" hits="6"/><line number="469" hits="6"/><line number="470" hits="0"/><line number="472" hits="6"/><line number="475" hits="6"/><line number="476" hits="0"/><line number="479" hits="10"/><line number="481" hits="12"/><line number="482" hits="6"/><line number="483" hits="6"/><line number="484" hits="6"/><line number="485" hits="6"/><line number="486" hits="6"/><line number="489" hits="4"/><line number="490" hits="2"/><line number="493" hits="8"/><line number="508" hits="4"/><line number="509" hits="4"/><line number="510" hits="4"/><line number="511" hits="4"/><line number="514" hits="4"/><line number="515" hits="0"/><line number="516" hits="0"/><line number="517" hits="0"/><line number="518" hits="0"/><line number="523" hits="4"/><line number="524" hits="4"/><line number="525" hits="4"/><line number="526" hits="4"/><line number="527" hits="4"/><line number="528" hits="4"/><line number="529" hits="4"/><line number="530" hits="4"/><line number="534" hits="4"/><line number="535" hits="0"/><line number="536" hits="0"/><line number="537" hits="0"/><line number="540" hits="4"/><line number="542" hits="4"/><line number="543" hits="0"/><line number="544" hits="0"/><line number="549" hits="4"/><line number="550" hits="4"/><line number="551" hits="0"/><line number="572" hits="2"/><line number="573" hits="2"/><line number="574" hits="2"/><line number="575" hits="2"/><line number="576" hits="2"/><line number="577" hits="2"/><line number="578" hits="2"/><line number="587" hits="0"/><line number="588" hits="0"/><line number="591" hits="2"/><line number="592" hits="2"/><line number="593" hits="2"/><line number="594" hits="2"/><line number="595" hits="2"/><line number="596" hits="2"/><line number="597" hits="2"/><line number="601" hits="7"/><line number="607" hits="7"/><line number="608" hits="3"/><line number="609" hits="1"/><line number="610" hits="1"/><line number="612" hits="2"/><line number="613" hits="2"/><line number="614" hits="2"/><line number="615" hits="2"/><line number="617" hits="2"/><line number="621" hits="4"/><line number="625" hits="11"/><line number="631" hits="11"/><line number="632" hits="5"/><line number="633" hits="1"/><line number="634" hits="1"/><line number="636" hits="4"/><line number="637" hits="4"/><line number="638" hits="4"/><line number="639" hits="4"/><line number="640" hits="4"/><line number="642" hits="4"/><line number="646" hits="6"/><line number="693" hits="22"/><line number="699" hits="23"/><line number="702" hits="21"/><line number="703" hits="21"/><line number="704" hits="21"/><line number="708" hits="21"/><line number="709" hits="4"/><line number="712" hits="21"/><line number="713" hits="21"/><line number="714" hits="21"/><line number="715" hits="21"/><line number="716" hits="21"/><line number="717" hits="21"/><line number="718" hits="21"/><line number="719" hits="21"/><line number="723" hits="21"/><line number="725" hits="21"/><line number="728" hits="21"/><line number="730" hits="21"/><line number="733" hits="2"/><line number="739" hits="3"/><line number="742" hits="1"/><line number="743" hits="1"/><line number="744" hits="1"/><line number="747" hits="1"/><line number="749" hits="1"/><line number="751" hits="1"/><line number="752" hits="1"/><line number="753" hits="1"/><line number="757" hits="0"/><line number="759" hits="0"/><line number="761" hits="0"/><line number="763" hits="0"/><line number="765" hits="0"/><line number="769" hits="12"/><line number="770" hits="12"/><line number="771" hits="0"/><line number="772" hits="1"/><line number="773" hits="3"/><line number="774" hits="0"/><line number="775" hits="0"/><line number="777" hits="1"/><line number="778" hits="0"/><line number="780" hits="0"/><line number="781" hits="0"/><line number="782" hits="0"/><line number="783" hits="0"/><line number="785" hits="5"/><line number="786" hits="5"/><line number="787" hits="5"/><line number="788" hits="5"/><line number="789" hits="0"/><line number="790" hits="3"/><line number="791" hits="3"/><line number="793" hits="0"/><line number="794" hits="0"/><line number="795" hits="0"/><line number="800" hits="0"/><line number="801" hits="0"/><line number="802" hits="0"/><line number="806" hits="1"/><line number="807" hits="2"/><line number="808" hits="1"/><line number="809" hits="8"/><line number="815" hits="4"/><line number="816" hits="8"/><line number="819" hits="3"/><line number="822" hits="2"/><line number="824" hits="4"/><line number="825" hits="2"/><line number="826" hits="2"/><line number="827" hits="2"/><line number="832" hits="3"/><line number="834" hits="3"/><line number="835" hits="3"/><line number="836" hits="3"/><line number="837" hits="3"/><line number="841" hits="2"/><line number="846" hits="4"/><line number="848" hits="2"/><line number="850" hits="2"/><line number="851" hits="2"/><line number="852" hits="2"/><line number="853" hits="2"/><line number="856" hits="2"/><line number="857" hits="2"/><line number="858" hits="2"/><line number="859" hits="2"/><line number="863" hits="1"/><line number="864" hits="2"/><line number="865" hits="1"/><line number="881" hits="1"/><line number="888" hits="1"/><line number="889" hits="1"/><line number="891" hits="1"/><line number="894" hits="0"/><line number="895" hits="0"/><line number="896" hits="0"/><line number="897" hits="0"/><line number="904" hits="0"/><line number="914" hits="0"/><line number="920" hits="0"/><line number="921" hits="0"/><line number="924" hits="0"/><line number="927" hits="0"/><line number="928" hits="0"/><line number="929" hits="0"/><line number="930" hits="0"/><line number="934" hits="0"/><line number="937" hits="5"/><line number="943" hits="5"/><line number="944" hits="5"/><line number="945" hits="5"/><line number="949" hits="10"/><line number="950" hits="5"/><line number="951" hits="9"/><line number="952" hits="8"/><line number="953" hits="4"/><line number="954" hits="4"/><line number="961" hits="0"/><line number="962" hits="0"/><line number="969" hits="5"/><line number="970" hits="5"/><line number="971" hits="0"/><line number="972" hits="0"/><line number="973" hits="0"/><line number="975" hits="0"/><line number="978" hits="5"/></lines></class><class name="ibc" filename="contracts/cw-ics20-latest/src/ibc.rs" line-rate="0.6461538461538462" branch-rate="0" complexity="0"><methods/><lines><line number="54" hits="3"/><line number="62" hits="3"/><line number="64" hits="3"/><line number="65" hits="3"/><line number="81" hits="2"/><line number="82" hits="2"/><line number="83" hits="2"/><line number="87" hits="1"/><line number="88" hits="1"/><line number="89" hits="1"/><line number="97" hits="0"/><line number="98" hits="0"/><line number="101" hits="0"/><line number="102" hits="0"/><line number="103" hits="0"/><line number="104" hits="0"/><line number="108" hits="0"/><line number="109" hits="0"/><line number="110" hits="0"/><line number="111" hits="0"/><line number="116" hits="0"/><line number="117" hits="0"/><line number="118" hits="0"/><line number="119" hits="0"/><line number="121" hits="0"/><line number="125" hits="0"/><line number="130" hits="28"/><line number="135" hits="28"/><line number="136" hits="28"/><line number="141" hits="28"/><line number="147" hits="28"/><line number="149" hits="28"/><line number="151" hits="28"/><line number="152" hits="28"/><line number="153" hits="28"/><line number="155" hits="28"/><line number="157" hits="28"/><line number="160" hits="56"/><line number="164" hits="56"/><line number="165" hits="0"/><line number="166" hits="0"/><line number="169" hits="28"/><line number="171" hits="0"/><line number="172" hits="0"/><line number="176" hits="56"/><line number="177" hits="0"/><line number="179" hits="56"/><line number="183" hits="0"/><line number="189" hits="0"/><line number="195" hits="3"/><line number="200" hits="3"/><line number="203" hits="3"/><line number="204" hits="3"/><line number="205" hits="3"/><line number="206" hits="3"/><line number="207" hits="3"/><line number="208" hits="3"/><line number="210" hits="4"/><line number="211" hits="1"/><line number="214" hits="1"/><line number="215" hits="1"/><line number="216" hits="1"/><line number="217" hits="1"/><line number="218" hits="1"/><line number="219" hits="1"/><line number="220" hits="1"/><line number="221" hits="1"/><line number="228" hits="13"/><line number="232" hits="13"/><line number="235" hits="13"/><line number="236" hits="4"/><line number="238" hits="9"/><line number="239" hits="1"/><line number="242" hits="8"/><line number="243" hits="1"/><line number="244" hits="1"/><line number="247" hits="7"/><line number="248" hits="3"/><line number="249" hits="3"/><line number="253" hits="4"/><line number="258" hits="3"/><line number="259" hits="3"/><line number="261" hits="3"/><line number="262" hits="2"/><line number="263" hits="2"/><line number="266" hits="1"/><line number="271" hits="3"/><line number="272" hits="3"/><line number="274" hits="3"/><line number="275" hits="2"/><line number="276" hits="2"/><line number="279" hits="1"/><line number="282" hits="6"/><line number="283" hits="6"/><line number="285" hits="6"/><line number="286" hits="5"/><line number="287" hits="5"/><line number="290" hits="1"/><line number="294" hits="3"/><line number="302" hits="6"/><line number="306" hits="3"/><line number="310" hits="3"/><line number="311" hits="3"/><line number="315" hits="0"/><line number="319" hits="3"/><line number="329" hits="6"/><line number="344" hits="2"/><line number="346" hits="2"/><line number="366" hits="2"/><line number="381" hits="0"/><line number="382" hits="0"/><line number="383" hits="0"/><line number="384" hits="0"/><line number="385" hits="0"/><line number="386" hits="0"/><line number="387" hits="0"/><line number="388" hits="0"/><line number="391" hits="2"/><line number="392" hits="2"/><line number="393" hits="2"/><line number="394" hits="2"/><line number="395" hits="2"/><line number="398" hits="2"/><line number="399" hits="0"/><line number="401" hits="2"/><line number="409" hits="2"/><line number="410" hits="2"/><line number="411" hits="2"/><line number="412" hits="2"/><line number="413" hits="2"/><line number="414" hits="2"/><line number="415" hits="2"/><line number="416" hits="2"/><line number="419" hits="2"/><line number="422" hits="2"/><line number="428" hits="4"/><line number="432" hits="2"/><line number="433" hits="0"/><line number="434" hits="0"/><line number="436" hits="4"/><line number="437" hits="2"/><line number="438" hits="2"/><line number="439" hits="2"/><line number="442" hits="2"/><line number="443" hits="2"/><line number="444" hits="2"/><line number="447" hits="0"/><line number="449" hits="2"/><line number="452" hits="0"/><line number="453" hits="0"/><line number="454" hits="0"/><line number="456" hits="0"/><line number="457" hits="0"/><line number="459" hits="0"/><line number="460" hits="0"/><line number="461" hits="0"/><line number="462" hits="0"/><line number="466" hits="0"/><line number="470" hits="6"/><line number="479" hits="6"/><line number="480" hits="6"/><line number="481" hits="6"/><line number="490" hits="0"/><line number="491" hits="0"/><line number="495" hits="6"/><line number="510" hits="0"/><line number="511" hits="0"/><line number="513" hits="6"/><line number="516" hits="8"/><line number="521" hits="16"/><line number="522" hits="7"/><line number="524" hits="7"/><line number="525" hits="7"/><line number="527" hits="1"/><line number="530" hits="11"/><line number="541" hits="11"/><line number="543" hits="22"/><line number="544" hits="3"/><line number="545" hits="8"/><line number="546" hits="8"/><line number="547" hits="1"/><line number="549" hits="7"/><line number="553" hits="11"/><line number="556" hits="2"/><line number="557" hits="2"/><line number="558" hits="2"/><line number="559" hits="2"/><line number="560" hits="2"/><line number="561" hits="2"/><line number="567" hits="10"/><line number="569" hits="10"/><line number="570" hits="1"/><line number="572" hits="9"/><line number="573" hits="9"/><line number="574" hits="9"/><line number="578" hits="3"/><line number="585" hits="3"/><line number="587" hits="3"/><line number="588" hits="3"/><line number="591" hits="0"/><line number="593" hits="0"/><line number="594" hits="0"/><line number="595" hits="0"/><line number="596" hits="0"/><line number="598" hits="0"/><line number="601" hits="0"/><line number="605" hits="7"/><line number="606" hits="7"/><line number="607" hits="5"/><line number="608" hits="2"/><line number="612" hits="0"/><line number="617" hits="0"/><line number="618" hits="0"/><line number="619" hits="0"/><line number="620" hits="0"/><line number="621" hits="0"/><line number="622" hits="0"/><line number="624" hits="0"/><line number="626" hits="0"/><line number="631" hits="0"/><line number="632" hits="0"/><line number="638" hits="0"/><line number="645" hits="0"/><line number="647" hits="0"/><line number="648" hits="0"/><line number="654" hits="0"/><line number="659" hits="0"/><line number="660" hits="0"/><line number="664" hits="0"/><line number="665" hits="0"/><line number="689" hits="0"/><line number="694" hits="0"/><line number="697" hits="0"/><line number="698" hits="0"/><line number="701" hits="0"/><line number="703" hits="0"/><line number="705" hits="0"/><line number="706" hits="0"/><line number="708" hits="0"/><line number="709" hits="0"/><line number="710" hits="0"/><line number="711" hits="0"/><line number="713" hits="0"/><line number="715" hits="0"/><line number="720" hits="3"/><line number="728" hits="6"/><line number="742" hits="2"/><line number="748" hits="1"/><line number="749" hits="1"/><line number="750" hits="1"/><line number="752" hits="0"/><line number="755" hits="1"/><line number="763" hits="2"/><line number="774" hits="2"/><line number="775" hits="2"/><line number="776" hits="2"/><line number="780" hits="2"/><line number="781" hits="2"/><line number="782" hits="2"/><line number="783" hits="2"/></lines></class><class name="ibc_hooks" filename="contracts/cw-ics20-latest/src/ibc_hooks.rs" line-rate="0" branch-rate="0" complexity="0"><methods/><lines><line number="11" hits="0"/><line number="19" hits="0"/><line number="20" hits="0"/><line number="21" hits="0"/><line number="26" hits="0"/><line number="33" hits="0"/><line number="35" hits="0"/><line number="39" hits="0"/><line number="48" hits="0"/><line number="52" hits="0"/><line number="53" hits="0"/><line number="54" hits="0"/><line number="55" hits="0"/><line number="58" hits="0"/><line number="59" hits="0"/><line number="60" hits="0"/><line number="61" hits="0"/><line number="62" hits="0"/><line number="64" hits="0"/><line number="65" hits="0"/></lines></class><class name="query_helper" filename="contracts/cw-ics20-latest/src/query_helper.rs" line-rate="1" branch-rate="0" complexity="0"><methods/><lines><line number="12" hits="9"/><line number="16" hits="18"/><line number="17" hits="9"/><line number="18" hits="9"/><line number="19" hits="9"/><line number="20" hits="9"/><line number="25" hits="9"/><line number="26" hits="9"/><line number="27" hits="9"/><line number="33" hits="3"/><line number="41" hits="3"/><line number="42" hits="1"/><line number="47" hits="2"/><line number="48" hits="2"/><line number="49" hits="2"/><line number="51" hits="1"/><line number="52" hits="1"/><line number="53" hits="1"/><line number="54" hits="1"/><line number="55" hits="1"/><line number="56" hits="1"/><line number="62" hits="1"/><line number="64" hits="1"/><line number="65" hits="1"/><line number="66" hits="1"/><line number="67" hits="1"/><line number="69" hits="1"/><line number="72" hits="1"/></lines></class><class name="state" filename="contracts/cw-ics20-latest/src/state.rs" line-rate="0.7567567567567568" branch-rate="0" complexity="0"><methods/><lines><line number="62" hits="26"/><line number="63" hits="26"/><line number="64" hits="26"/><line number="71" hits="77"/><line number="73" hits="77"/><line number="79" hits="77"/><line number="102" hits="8"/><line number="108" hits="8"/><line number="110" hits="8"/><line number="111" hits="8"/><line number="112" hits="8"/><line number="113" hits="8"/><line number="116" hits="7"/><line number="122" hits="7"/><line number="123" hits="12"/><line number="124" hits="2"/><line number="125" hits="2"/><line number="126" hits="2"/><line number="134" hits="0"/><line number="135" hits="0"/><line number="136" hits="0"/><line number="139" hits="5"/><line number="143" hits="1"/><line number="150" hits="2"/><line number="151" hits="1"/><line number="152" hits="1"/><line number="153" hits="2"/><line number="156" hits="1"/><line number="158" hits="1"/><line number="163" hits="0"/><line number="169" hits="0"/><line number="170" hits="0"/><line number="171" hits="0"/><line number="172" hits="0"/><line number="174" hits="0"/><line number="177" hits="38"/><line number="178" hits="38"/></lines></class></classes></package></packages></coverage>