<?xml version="1.0"?><coverage lines-covered="739" lines-valid="1205" line-rate="0.6132780082987552" branches-covered="0" branches-valid="0" branch-rate="0" complexity="0" version="1.9" timestamp="1710707002"><sources><source>/__w/ibc-bridge-wasm/ibc-bridge-wasm</source></sources><packages><package name="contracts/cw-ics20-latest/src/bin" line-rate="0" branch-rate="0" complexity="0"><classes><class name="schema" filename="contracts/cw-ics20-latest/src/bin/schema.rs" line-rate="0" branch-rate="0" complexity="0"><methods/><lines><line number="5" hits="0"/><line number="6" hits="0"/><line number="7" hits="0"/><line number="8" hits="0"/><line number="9" hits="0"/></lines></class></classes></package><package name="contracts/cw-ics20-latest/src" line-rate="0.576271186440678" branch-rate="0" complexity="0"><classes><class name="contract" filename="contracts/cw-ics20-latest/src/contract.rs" line-rate="0.7546666666666667" branch-rate="0" complexity="0"><methods/><lines><line number="39" hits="17"/><line number="45" hits="17"/><line number="46" hits="34"/><line number="47" hits="0"/><line number="49" hits="17"/><line number="50" hits="17"/><line number="51" hits="17"/><line number="52" hits="17"/><line number="53" hits="17"/><line number="55" hits="17"/><line number="57" hits="17"/><line number="60" hits="25"/><line number="61" hits="4"/><line number="65" hits="0"/><line number="67" hits="17"/><line number="71" hits="32"/><line number="77" hits="32"/><line number="78" hits="3"/><line number="83" hits="3"/><line number="84" hits="6"/><line number="85" hits="3"/><line number="86" hits="3"/><line number="88" hits="15"/><line number="89" hits="2"/><line number="90" hits="0"/><line number="92" hits="2"/><line number="93" hits="2"/><line number="94" hits="2"/><line number="95" hits="2"/><line number="96" hits="2"/><line number="97" hits="2"/><line number="98" hits="2"/><line number="99" hits="2"/><line number="100" hits="2"/><line number="101" hits="2"/><line number="103" hits="2"/><line number="104" hits="2"/><line number="105" hits="2"/><line number="106" hits="2"/><line number="107" hits="2"/><line number="108" hits="2"/><line number="109" hits="2"/><line number="110" hits="2"/><line number="111" hits="2"/><line number="112" hits="2"/><line number="113" hits="2"/><line number="114" hits="2"/><line number="118" hits="5"/><line number="119" hits="5"/><line number="120" hits="5"/><line number="121" hits="5"/><line number="123" hits="5"/><line number="124" hits="5"/><line number="125" hits="5"/><line number="126" hits="5"/><line number="127" hits="5"/><line number="128" hits="5"/><line number="129" hits="5"/><line number="132" hits="2"/><line number="133" hits="2"/><line number="134" hits="2"/><line number="135" hits="2"/><line number="137" hits="2"/><line number="138" hits="2"/><line number="139" hits="2"/><line number="140" hits="2"/><line number="141" hits="2"/><line number="142" hits="2"/><line number="143" hits="2"/><line number="146" hits="0"/><line number="147" hits="0"/><line number="148" hits="0"/><line number="149" hits="0"/><line number="151" hits="0"/><line number="152" hits="0"/><line number="153" hits="0"/><line number="154" hits="0"/><line number="155" hits="0"/><line number="156" hits="0"/><line number="158" hits="0"/><line number="159" hits="0"/><line number="164" hits="7"/><line number="165" hits="7"/><line number="166" hits="2"/><line number="167" hits="2"/><line number="170" hits="5"/><line number="173" hits="2"/><line number="181" hits="3"/><line number="183" hits="1"/><line number="184" hits="1"/><line number="185" hits="1"/><line number="186" hits="1"/><line number="187" hits="1"/><line number="189" hits="1"/><line number="190" hits="1"/><line number="191" hits="1"/><line number="192" hits="1"/><line number="193" hits="1"/><line number="194" hits="1"/><line number="198" hits="5"/><line number="207" hits="6"/><line number="210" hits="4"/><line number="211" hits="4"/><line number="212" hits="4"/><line number="213" hits="4"/><line number="217" hits="4"/><line number="218" hits="4"/><line number="219" hits="4"/><line number="220" hits="4"/><line number="222" hits="4"/><line number="223" hits="4"/><line number="224" hits="4"/><line number="225" hits="4"/><line number="226" hits="4"/><line number="227" hits="4"/><line number="228" hits="4"/><line number="232" hits="2"/><line number="241" hits="3"/><line number="243" hits="1"/><line number="244" hits="1"/><line number="248" hits="1"/><line number="249" hits="1"/><line number="250" hits="1"/><line number="251" hits="1"/><line number="252" hits="1"/><line number="253" hits="1"/><line number="254" hits="1"/><line number="257" hits="1"/><line number="258" hits="1"/><line number="259" hits="1"/><line number="260" hits="1"/><line number="261" hits="1"/><line number="262" hits="1"/><line number="266" hits="2"/><line number="280" hits="3"/><line number="281" hits="2"/><line number="282" hits="5"/><line number="283" hits="0"/><line number="286" hits="2"/><line number="287" hits="3"/><line number="288" hits="0"/><line number="291" hits="2"/><line number="292" hits="2"/><line number="295" hits="2"/><line number="298" hits="2"/><line number="301" hits="3"/><line number="302" hits="1"/><line number="304" hits="3"/><line number="305" hits="1"/><line number="307" hits="3"/><line number="308" hits="1"/><line number="310" hits="1"/><line number="311" hits="1"/><line number="313" hits="2"/><line number="314" hits="1"/><line number="315" hits="0"/><line number="317" hits="1"/><line number="320" hits="3"/><line number="326" hits="3"/><line number="328" hits="3"/><line number="329" hits="3"/><line number="330" hits="3"/><line number="332" hits="3"/><line number="334" hits="3"/><line number="340" hits="0"/><line number="418" hits="6"/><line number="425" hits="6"/><line number="426" hits="0"/><line number="428" hits="6"/><line number="434" hits="3"/><line number="435" hits="3"/><line number="436" hits="3"/><line number="442" hits="10"/><line number="444" hits="12"/><line number="445" hits="6"/><line number="446" hits="6"/><line number="447" hits="6"/><line number="448" hits="6"/><line number="449" hits="6"/><line number="452" hits="14"/><line number="453" hits="6"/><line number="454" hits="2"/><line number="456" hits="4"/><line number="457" hits="4"/><line number="459" hits="0"/><line number="461" hits="8"/><line number="476" hits="4"/><line number="477" hits="4"/><line number="478" hits="4"/><line number="479" hits="4"/><line number="482" hits="4"/><line number="483" hits="0"/><line number="484" hits="0"/><line number="485" hits="0"/><line number="486" hits="0"/><line number="491" hits="4"/><line number="492" hits="4"/><line number="493" hits="4"/><line number="494" hits="4"/><line number="495" hits="4"/><line number="496" hits="4"/><line number="497" hits="4"/><line number="498" hits="4"/><line number="502" hits="4"/><line number="503" hits="0"/><line number="504" hits="0"/><line number="505" hits="0"/><line number="508" hits="4"/><line number="510" hits="4"/><line number="511" hits="0"/><line number="512" hits="0"/><line number="517" hits="4"/><line number="518" hits="4"/><line number="519" hits="0"/><line number="541" hits="2"/><line number="542" hits="2"/><line number="543" hits="2"/><line number="544" hits="2"/><line number="545" hits="2"/><line number="546" hits="2"/><line number="547" hits="2"/><line number="549" hits="2"/><line number="550" hits="2"/><line number="551" hits="2"/><line number="552" hits="2"/><line number="553" hits="2"/><line number="554" hits="2"/><line number="555" hits="2"/><line number="561" hits="0"/><line number="567" hits="0"/><line number="569" hits="0"/><line number="573" hits="0"/><line number="574" hits="0"/><line number="577" hits="0"/><line number="578" hits="0"/><line number="579" hits="0"/><line number="582" hits="0"/><line number="583" hits="0"/><line number="587" hits="0"/><line number="588" hits="0"/><line number="590" hits="0"/><line number="602" hits="15"/><line number="608" hits="16"/><line number="611" hits="14"/><line number="612" hits="14"/><line number="613" hits="14"/><line number="617" hits="14"/><line number="618" hits="1"/><line number="621" hits="14"/><line number="622" hits="14"/><line number="623" hits="14"/><line number="624" hits="14"/><line number="625" hits="14"/><line number="626" hits="14"/><line number="627" hits="14"/><line number="631" hits="14"/><line number="633" hits="14"/><line number="636" hits="14"/><line number="638" hits="14"/><line number="641" hits="2"/><line number="647" hits="3"/><line number="650" hits="1"/><line number="651" hits="1"/><line number="652" hits="1"/><line number="655" hits="1"/><line number="657" hits="1"/><line number="659" hits="1"/><line number="660" hits="1"/><line number="661" hits="1"/><line number="665" hits="0"/><line number="667" hits="0"/><line number="668" hits="0"/><line number="669" hits="0"/><line number="670" hits="0"/><line number="671" hits="0"/><line number="672" hits="0"/><line number="673" hits="0"/><line number="674" hits="0"/><line number="675" hits="0"/><line number="676" hits="0"/><line number="680" hits="0"/><line number="682" hits="0"/><line number="686" hits="12"/><line number="687" hits="12"/><line number="688" hits="0"/><line number="689" hits="1"/><line number="690" hits="3"/><line number="691" hits="0"/><line number="692" hits="0"/><line number="694" hits="1"/><line number="695" hits="0"/><line number="697" hits="0"/><line number="698" hits="0"/><line number="699" hits="0"/><line number="700" hits="0"/><line number="702" hits="5"/><line number="703" hits="5"/><line number="704" hits="5"/><line number="705" hits="5"/><line number="706" hits="0"/><line number="707" hits="3"/><line number="708" hits="3"/><line number="710" hits="0"/><line number="711" hits="0"/><line number="712" hits="0"/><line number="717" hits="0"/><line number="718" hits="0"/><line number="719" hits="0"/><line number="723" hits="1"/><line number="724" hits="2"/><line number="725" hits="1"/><line number="726" hits="8"/><line number="732" hits="4"/><line number="733" hits="8"/><line number="736" hits="3"/><line number="739" hits="2"/><line number="741" hits="4"/><line number="742" hits="2"/><line number="743" hits="2"/><line number="744" hits="2"/><line number="749" hits="3"/><line number="751" hits="3"/><line number="752" hits="3"/><line number="753" hits="3"/><line number="754" hits="3"/><line number="758" hits="2"/><line number="763" hits="4"/><line number="765" hits="2"/><line number="767" hits="2"/><line number="768" hits="2"/><line number="769" hits="2"/><line number="770" hits="2"/><line number="773" hits="2"/><line number="774" hits="2"/><line number="775" hits="2"/><line number="776" hits="2"/><line number="780" hits="1"/><line number="781" hits="2"/><line number="782" hits="1"/><line number="798" hits="1"/><line number="805" hits="1"/><line number="807" hits="1"/><line number="810" hits="0"/><line number="811" hits="0"/><line number="812" hits="0"/><line number="813" hits="0"/><line number="820" hits="0"/><line number="830" hits="0"/><line number="836" hits="0"/><line number="837" hits="0"/><line number="840" hits="0"/><line number="843" hits="0"/><line number="844" hits="0"/><line number="845" hits="0"/><line number="846" hits="0"/><line number="850" hits="0"/><line number="853" hits="5"/><line number="859" hits="5"/><line number="860" hits="5"/><line number="861" hits="5"/><line number="865" hits="10"/><line number="866" hits="5"/><line number="867" hits="9"/><line number="868" hits="8"/><line number="869" hits="4"/><line number="870" hits="4"/><line number="877" hits="0"/><line number="878" hits="0"/><line number="885" hits="5"/><line number="886" hits="5"/><line number="887" hits="0"/><line number="888" hits="0"/><line number="889" hits="0"/><line number="891" hits="0"/><line number="894" hits="5"/></lines></class><class name="error" filename="contracts/cw-ics20-latest/src/error.rs" line-rate="0" branch-rate="0" complexity="0"><methods/><lines><line number="89" hits="0"/><line number="90" hits="0"/><line number="95" hits="0"/></lines></class><class name="ibc" filename="contracts/cw-ics20-latest/src/ibc.rs" line-rate="0.5175438596491229" branch-rate="0" complexity="0"><methods/><lines><line number="53" hits="8"/><line number="61" hits="8"/><line number="63" hits="8"/><line number="64" hits="8"/><line number="69" hits="5"/><line number="70" hits="5"/><line number="71" hits="0"/><line number="73" hits="5"/><line number="88" hits="0"/><line number="89" hits="0"/><line number="90" hits="0"/><line number="94" hits="3"/><line number="95" hits="3"/><line number="96" hits="3"/><line number="109" hits="0"/><line number="110" hits="0"/><line number="112" hits="0"/><line number="113" hits="0"/><line number="116" hits="0"/><line number="117" hits="0"/><line number="118" hits="0"/><line number="119" hits="0"/><line number="122" hits="0"/><line number="123" hits="0"/><line number="126" hits="0"/><line number="127" hits="0"/><line number="136" hits="0"/><line number="137" hits="0"/><line number="138" hits="0"/><line number="139" hits="0"/><line number="140" hits="0"/><line number="145" hits="0"/><line number="146" hits="0"/><line number="147" hits="0"/><line number="148" hits="0"/><line number="159" hits="0"/><line number="160" hits="0"/><line number="161" hits="0"/><line number="162" hits="0"/><line number="164" hits="0"/><line number="166" hits="0"/><line number="167" hits="0"/><line number="168" hits="0"/><line number="169" hits="0"/><line number="170" hits="0"/><line number="171" hits="0"/><line number="172" hits="0"/><line number="173" hits="0"/><line number="174" hits="0"/><line number="179" hits="0"/><line number="180" hits="0"/><line number="181" hits="0"/><line number="183" hits="0"/><line number="184" hits="0"/><line number="185" hits="0"/><line number="189" hits="0"/><line number="190" hits="0"/><line number="191" hits="0"/><line number="193" hits="0"/><line number="194" hits="0"/><line number="195" hits="0"/><line number="198" hits="0"/><line number="199" hits="0"/><line number="202" hits="0"/><line number="203" hits="0"/><line number="205" hits="0"/><line number="207" hits="0"/><line number="208" hits="0"/><line number="209" hits="0"/><line number="210" hits="0"/><line number="211" hits="0"/><line number="214" hits="0"/><line number="220" hits="25"/><line number="225" hits="25"/><line number="226" hits="25"/><line number="231" hits="25"/><line number="237" hits="25"/><line number="239" hits="25"/><line number="241" hits="25"/><line number="242" hits="25"/><line number="243" hits="25"/><line number="245" hits="25"/><line number="247" hits="25"/><line number="250" hits="50"/><line number="254" hits="50"/><line number="255" hits="0"/><line number="256" hits="0"/><line number="259" hits="25"/><line number="261" hits="0"/><line number="262" hits="0"/><line number="266" hits="50"/><line number="267" hits="0"/><line number="269" hits="50"/><line number="273" hits="0"/><line number="286" hits="3"/><line number="291" hits="3"/><line number="294" hits="3"/><line number="295" hits="3"/><line number="296" hits="3"/><line number="297" hits="3"/><line number="298" hits="3"/><line number="299" hits="3"/><line number="301" hits="6"/><line number="302" hits="3"/><line number="305" hits="3"/><line number="306" hits="3"/><line number="307" hits="3"/><line number="308" hits="3"/><line number="309" hits="3"/><line number="310" hits="3"/><line number="311" hits="3"/><line number="312" hits="3"/><line number="319" hits="13"/><line number="323" hits="13"/><line number="326" hits="13"/><line number="327" hits="4"/><line number="329" hits="9"/><line number="330" hits="1"/><line number="333" hits="8"/><line number="334" hits="1"/><line number="335" hits="1"/><line number="338" hits="7"/><line number="339" hits="3"/><line number="340" hits="3"/><line number="344" hits="4"/><line number="349" hits="3"/><line number="350" hits="3"/><line number="352" hits="3"/><line number="353" hits="2"/><line number="354" hits="2"/><line number="357" hits="1"/><line number="362" hits="3"/><line number="363" hits="3"/><line number="365" hits="3"/><line number="366" hits="2"/><line number="367" hits="2"/><line number="370" hits="1"/><line number="373" hits="6"/><line number="376" hits="6"/><line number="378" hits="6"/><line number="379" hits="5"/><line number="380" hits="5"/><line number="383" hits="1"/><line number="387" hits="3"/><line number="395" hits="6"/><line number="400" hits="3"/><line number="404" hits="3"/><line number="405" hits="3"/><line number="409" hits="0"/><line number="412" hits="3"/><line number="422" hits="6"/><line number="437" hits="2"/><line number="439" hits="2"/><line number="463" hits="0"/><line number="464" hits="0"/><line number="465" hits="4"/><line number="466" hits="2"/><line number="478" hits="0"/><line number="481" hits="0"/><line number="482" hits="0"/><line number="483" hits="0"/><line number="488" hits="0"/><line number="511" hits="0"/><line number="512" hits="0"/><line number="513" hits="0"/><line number="514" hits="0"/><line number="516" hits="0"/><line number="517" hits="0"/><line number="521" hits="0"/><line number="522" hits="0"/><line number="523" hits="0"/><line number="524" hits="0"/><line number="525" hits="0"/><line number="526" hits="0"/><line number="531" hits="0"/><line number="532" hits="0"/><line number="536" hits="0"/><line number="537" hits="0"/><line number="538" hits="0"/><line number="539" hits="0"/><line number="540" hits="0"/><line number="541" hits="0"/><line number="542" hits="0"/><line number="543" hits="0"/><line number="546" hits="0"/><line number="547" hits="0"/><line number="548" hits="0"/><line number="549" hits="0"/><line number="550" hits="0"/><line number="553" hits="0"/><line number="554" hits="0"/><line number="557" hits="0"/><line number="581" hits="0"/><line number="583" hits="0"/><line number="584" hits="0"/><line number="585" hits="0"/><line number="586" hits="0"/><line number="587" hits="0"/><line number="588" hits="0"/><line number="589" hits="0"/><line number="590" hits="0"/><line number="592" hits="0"/><line number="593" hits="0"/><line number="596" hits="0"/><line number="599" hits="3"/><line number="612" hits="6"/><line number="625" hits="2"/><line number="629" hits="1"/><line number="632" hits="1"/><line number="633" hits="1"/><line number="634" hits="1"/><line number="636" hits="0"/><line number="641" hits="1"/><line number="642" hits="1"/><line number="643" hits="1"/><line number="645" hits="1"/><line number="646" hits="1"/><line number="647" hits="0"/><line number="648" hits="0"/><line number="649" hits="0"/><line number="650" hits="0"/><line number="652" hits="0"/><line number="653" hits="0"/><line number="654" hits="0"/><line number="655" hits="0"/><line number="656" hits="0"/><line number="658" hits="0"/><line number="660" hits="0"/><line number="662" hits="0"/><line number="666" hits="2"/><line number="676" hits="0"/><line number="677" hits="0"/><line number="678" hits="0"/><line number="679" hits="0"/><line number="680" hits="0"/><line number="683" hits="0"/><line number="691" hits="0"/><line number="692" hits="0"/><line number="694" hits="0"/><line number="695" hits="0"/><line number="696" hits="0"/><line number="697" hits="0"/><line number="703" hits="1"/><line number="704" hits="1"/><line number="705" hits="1"/><line number="706" hits="1"/><line number="707" hits="1"/><line number="708" hits="1"/><line number="709" hits="1"/><line number="710" hits="1"/><line number="713" hits="0"/><line number="718" hits="1"/><line number="720" hits="1"/><line number="728" hits="1"/><line number="729" hits="0"/><line number="734" hits="1"/><line number="735" hits="1"/><line number="736" hits="1"/><line number="737" hits="1"/><line number="738" hits="1"/><line number="739" hits="1"/><line number="740" hits="1"/><line number="743" hits="1"/><line number="744" hits="1"/><line number="746" hits="0"/><line number="747" hits="0"/><line number="750" hits="6"/><line number="757" hits="6"/><line number="759" hits="6"/><line number="760" hits="6"/><line number="761" hits="3"/><line number="763" hits="3"/><line number="764" hits="3"/><line number="765" hits="3"/><line number="766" hits="3"/><line number="769" hits="4"/><line number="770" hits="1"/><line number="771" hits="1"/><line number="772" hits="1"/><line number="775" hits="3"/><line number="778" hits="5"/><line number="788" hits="5"/><line number="789" hits="2"/><line number="792" hits="4"/><line number="794" hits="5"/><line number="795" hits="2"/><line number="797" hits="1"/><line number="799" hits="2"/><line number="801" hits="2"/><line number="802" hits="2"/><line number="803" hits="2"/><line number="804" hits="2"/><line number="805" hits="2"/><line number="806" hits="2"/><line number="807" hits="2"/><line number="813" hits="2"/><line number="816" hits="7"/><line number="827" hits="7"/><line number="828" hits="2"/><line number="829" hits="2"/><line number="832" hits="5"/><line number="833" hits="5"/><line number="834" hits="5"/><line number="835" hits="3"/><line number="848" hits="1"/><line number="851" hits="3"/><line number="852" hits="3"/><line number="853" hits="3"/><line number="871" hits="2"/><line number="873" hits="1"/><line number="874" hits="1"/><line number="875" hits="1"/><line number="876" hits="1"/><line number="880" hits="0"/><line number="881" hits="0"/><line number="882" hits="0"/><line number="883" hits="0"/><line number="884" hits="0"/><line number="895" hits="1"/><line number="896" hits="1"/><line number="897" hits="1"/><line number="900" hits="1"/><line number="901" hits="1"/><line number="906" hits="3"/><line number="918" hits="3"/><line number="919" hits="3"/><line number="920" hits="3"/><line number="935" hits="3"/><line number="943" hits="3"/><line number="946" hits="3"/><line number="947" hits="3"/><line number="948" hits="3"/><line number="952" hits="0"/><line number="953" hits="0"/><line number="954" hits="0"/><line number="956" hits="0"/><line number="957" hits="0"/><line number="959" hits="0"/><line number="960" hits="0"/><line number="961" hits="0"/><line number="962" hits="0"/><line number="966" hits="0"/><line number="970" hits="6"/><line number="979" hits="6"/><line number="980" hits="6"/><line number="981" hits="6"/><line number="1003" hits="0"/><line number="1004" hits="0"/><line number="1005" hits="0"/><line number="1006" hits="0"/><line number="1009" hits="6"/><line number="1010" hits="0"/><line number="1011" hits="0"/><line number="1012" hits="0"/><line number="1013" hits="0"/><line number="1015" hits="6"/><line number="1018" hits="8"/><line number="1023" hits="16"/><line number="1024" hits="7"/><line number="1026" hits="7"/><line number="1027" hits="7"/><line number="1029" hits="1"/><line number="1032" hits="11"/><line number="1043" hits="11"/><line number="1045" hits="22"/><line number="1046" hits="3"/><line number="1048" hits="8"/><line number="1049" hits="8"/><line number="1050" hits="1"/><line number="1052" hits="7"/><line number="1056" hits="11"/><line number="1060" hits="9"/><line number="1064" hits="2"/><line number="1065" hits="2"/><line number="1066" hits="2"/><line number="1067" hits="2"/><line number="1070" hits="2"/><line number="1073" hits="10"/><line number="1075" hits="10"/><line number="1076" hits="1"/><line number="1078" hits="9"/><line number="1079" hits="9"/><line number="1080" hits="9"/><line number="1084" hits="3"/><line number="1091" hits="3"/><line number="1093" hits="3"/><line number="1094" hits="3"/><line number="1096" hits="0"/><line number="1098" hits="0"/><line number="1099" hits="0"/><line number="1100" hits="0"/><line number="1101" hits="0"/><line number="1103" hits="0"/><line number="1106" hits="0"/><line number="1111" hits="7"/><line number="1112" hits="7"/><line number="1113" hits="5"/><line number="1114" hits="2"/><line number="1118" hits="0"/><line number="1123" hits="0"/><line number="1124" hits="0"/><line number="1125" hits="0"/><line number="1126" hits="0"/><line number="1127" hits="0"/><line number="1128" hits="0"/><line number="1130" hits="0"/><line number="1132" hits="0"/><line number="1137" hits="0"/><line number="1138" hits="0"/><line number="1141" hits="0"/><line number="1150" hits="0"/><line number="1151" hits="0"/><line number="1152" hits="0"/><line number="1153" hits="0"/><line number="1159" hits="0"/><line number="1166" hits="0"/><line number="1168" hits="0"/><line number="1169" hits="0"/><line number="1175" hits="0"/><line number="1180" hits="0"/><line number="1181" hits="0"/><line number="1185" hits="0"/><line number="1186" hits="0"/><line number="1210" hits="0"/><line number="1215" hits="0"/><line number="1218" hits="0"/><line number="1219" hits="0"/><line number="1222" hits="0"/><line number="1224" hits="0"/><line number="1226" hits="0"/><line number="1227" hits="0"/><line number="1229" hits="0"/><line number="1230" hits="0"/><line number="1231" hits="0"/><line number="1232" hits="0"/><line number="1234" hits="0"/><line number="1236" hits="0"/><line number="1241" hits="2"/><line number="1248" hits="4"/><line number="1257" hits="1"/><line number="1261" hits="1"/><line number="1264" hits="5"/><line number="1275" hits="5"/><line number="1276" hits="5"/><line number="1277" hits="5"/><line number="1278" hits="5"/><line number="1279" hits="5"/><line number="1281" hits="5"/><line number="1283" hits="10"/><line number="1287" hits="5"/><line number="1288" hits="5"/><line number="1289" hits="5"/><line number="1293" hits="0"/><line number="1294" hits="0"/><line number="1295" hits="0"/><line number="1299" hits="0"/></lines></class><class name="ibc_hooks" filename="contracts/cw-ics20-latest/src/ibc_hooks.rs" line-rate="0" branch-rate="0" complexity="0"><methods/><lines><line number="20" hits="0"/><line number="27" hits="0"/><line number="28" hits="0"/><line number="32" hits="0"/><line number="38" hits="0"/><line number="40" hits="0"/><line number="42" hits="0"/><line number="53" hits="0"/><line number="62" hits="0"/><line number="67" hits="0"/><line number="68" hits="0"/><line number="69" hits="0"/><line number="70" hits="0"/><line number="71" hits="0"/><line number="74" hits="0"/><line number="75" hits="0"/><line number="76" hits="0"/><line number="83" hits="0"/><line number="84" hits="0"/><line number="85" hits="0"/><line number="86" hits="0"/><line number="87" hits="0"/><line number="88" hits="0"/><line number="89" hits="0"/><line number="90" hits="0"/><line number="91" hits="0"/><line number="92" hits="0"/><line number="93" hits="0"/><line number="94" hits="0"/><line number="95" hits="0"/><line number="103" hits="0"/><line number="104" hits="0"/><line number="105" hits="0"/><line number="110" hits="0"/><line number="112" hits="0"/><line number="113" hits="0"/><line number="114" hits="0"/><line number="115" hits="0"/><line number="116" hits="0"/><line number="117" hits="0"/><line number="118" hits="0"/><line number="123" hits="0"/><line number="124" hits="0"/><line number="125" hits="0"/><line number="127" hits="0"/><line number="128" hits="0"/><line number="129" hits="0"/><line number="130" hits="0"/><line number="131" hits="0"/><line number="132" hits="0"/><line number="133" hits="0"/><line number="134" hits="0"/><line number="138" hits="0"/><line number="139" hits="0"/><line number="140" hits="0"/><line number="141" hits="0"/><line number="142" hits="0"/><line number="143" hits="0"/><line number="146" hits="0"/><line number="147" hits="0"/><line number="148" hits="0"/><line number="149" hits="0"/><line number="150" hits="0"/><line number="151" hits="0"/><line number="155" hits="0"/><line number="156" hits="0"/><line number="157" hits="0"/><line number="160" hits="0"/><line number="161" hits="0"/><line number="164" hits="0"/><line number="165" hits="0"/><line number="166" hits="0"/><line number="167" hits="0"/><line number="168" hits="0"/><line number="169" hits="0"/><line number="170" hits="0"/><line number="171" hits="0"/><line number="172" hits="0"/><line number="173" hits="0"/><line number="174" hits="0"/><line number="175" hits="0"/><line number="180" hits="0"/><line number="181" hits="0"/><line number="182" hits="0"/><line number="183" hits="0"/><line number="187" hits="0"/><line number="188" hits="0"/><line number="189" hits="0"/><line number="190" hits="0"/><line number="191" hits="0"/><line number="194" hits="0"/><line number="195" hits="0"/><line number="196" hits="0"/><line number="197" hits="0"/><line number="198" hits="0"/><line number="199" hits="0"/><line number="200" hits="0"/><line number="201" hits="0"/><line number="203" hits="0"/></lines></class><class name="query_helper" filename="contracts/cw-ics20-latest/src/query_helper.rs" line-rate="1" branch-rate="0" complexity="0"><methods/><lines><line number="11" hits="9"/><line number="15" hits="18"/><line number="16" hits="9"/><line number="17" hits="9"/><line number="18" hits="9"/><line number="19" hits="9"/><line number="24" hits="9"/><line number="25" hits="9"/><line number="26" hits="9"/><line number="32" hits="3"/><line number="40" hits="3"/><line number="41" hits="1"/><line number="46" hits="2"/><line number="47" hits="2"/><line number="48" hits="2"/><line number="50" hits="1"/><line number="51" hits="1"/><line number="52" hits="1"/><line number="53" hits="1"/><line number="54" hits="1"/><line number="55" hits="1"/><line number="61" hits="1"/><line number="63" hits="1"/><line number="64" hits="1"/><line number="65" hits="1"/><line number="67" hits="1"/><line number="70" hits="1"/></lines></class><class name="state" filename="contracts/cw-ics20-latest/src/state.rs" line-rate="0.8421052631578947" branch-rate="0" complexity="0"><methods/><lines><line number="62" hits="16"/><line number="63" hits="16"/><line number="64" hits="16"/><line number="69" hits="51"/><line number="71" hits="51"/><line number="77" hits="51"/><line number="153" hits="6"/><line number="159" hits="12"/><line number="160" hits="6"/><line number="161" hits="6"/><line number="162" hits="6"/><line number="163" hits="6"/><line number="165" hits="6"/><line number="168" hits="6"/><line number="174" hits="6"/><line number="175" hits="6"/><line number="176" hits="6"/><line number="177" hits="12"/><line number="179" hits="10"/><line number="180" hits="6"/><line number="181" hits="6"/><line number="190" hits="4"/><line number="193" hits="4"/><line number="197" hits="1"/><line number="204" hits="2"/><line number="205" hits="1"/><line number="206" hits="1"/><line number="207" hits="2"/><line number="210" hits="1"/><line number="212" hits="1"/><line number="217" hits="0"/><line number="223" hits="0"/><line number="224" hits="0"/><line number="225" hits="0"/><line number="226" hits="0"/><line number="228" hits="0"/><line number="231" hits="30"/><line number="232" hits="30"/></lines></class></classes></package><package name="packages/cw20-ics20-msg/src" line-rate="0.7970297029702971" branch-rate="0" complexity="0"><classes><class name="amount" filename="packages/cw20-ics20-msg/src/amount.rs" line-rate="0.7868852459016393" branch-rate="0" complexity="0"><methods/><lines><line number="16" hits="30"/><line number="17" hits="30"/><line number="18" hits="7"/><line number="19" hits="7"/><line number="21" hits="23"/><line number="25" hits="0"/><line number="26" hits="0"/><line number="27" hits="0"/><line number="28" hits="0"/><line number="32" hits="4"/><line number="33" hits="4"/><line number="34" hits="4"/><line number="35" hits="4"/><line number="41" hits="6"/><line number="42" hits="6"/><line number="43" hits="3"/><line number="44" hits="3"/><line number="49" hits="6"/><line number="50" hits="6"/><line number="51" hits="3"/><line number="52" hits="3"/><line number="56" hits="16"/><line number="57" hits="16"/><line number="58" hits="7"/><line number="59" hits="9"/><line number="64" hits="0"/><line number="65" hits="0"/><line number="66" hits="0"/><line number="67" hits="0"/><line number="68" hits="0"/><line number="69" hits="0"/><line number="72" hits="14"/><line number="73" hits="14"/><line number="74" hits="7"/><line number="75" hits="7"/><line number="79" hits="8"/><line number="80" hits="8"/><line number="83" hits="3"/><line number="86" hits="5"/><line number="87" hits="10"/><line number="90" hits="0"/><line number="95" hits="5"/><line number="96" hits="5"/><line number="111" hits="15"/><line number="112" hits="30"/><line number="113" hits="15"/><line number="114" hits="30"/><line number="115" hits="45"/><line number="117" hits="0"/><line number="118" hits="0"/><line number="121" hits="15"/><line number="124" hits="4"/><line number="130" hits="4"/><line number="131" hits="4"/><line number="132" hits="4"/><line number="133" hits="4"/><line number="138" hits="11"/><line number="144" hits="11"/><line number="145" hits="11"/><line number="146" hits="11"/><line number="147" hits="11"/></lines></class><class name="converter" filename="packages/cw20-ics20-msg/src/converter.rs" line-rate="0.7446808510638298" branch-rate="0" complexity="0"><methods/><lines><line number="19" hits="9"/><line number="20" hits="9"/><line number="23" hits="6"/><line number="28" hits="6"/><line number="29" hits="6"/><line number="30" hits="6"/><line number="31" hits="6"/><line number="34" hits="3"/><line number="35" hits="3"/><line number="39" hits="3"/><line number="46" hits="3"/><line number="48" hits="1"/><line number="49" hits="1"/><line number="50" hits="1"/><line number="51" hits="1"/><line number="52" hits="1"/><line number="56" hits="2"/><line number="59" hits="1"/><line number="60" hits="1"/><line number="63" hits="1"/><line number="64" hits="1"/><line number="65" hits="1"/><line number="66" hits="1"/><line number="67" hits="1"/><line number="69" hits="0"/><line number="70" hits="0"/><line number="71" hits="0"/><line number="72" hits="0"/><line number="73" hits="0"/><line number="74" hits="0"/><line number="76" hits="0"/><line number="84" hits="1"/><line number="85" hits="1"/><line number="88" hits="1"/><line number="89" hits="0"/><line number="90" hits="0"/><line number="91" hits="0"/><line number="92" hits="0"/><line number="94" hits="0"/><line number="96" hits="1"/><line number="97" hits="1"/><line number="98" hits="1"/><line number="99" hits="1"/><line number="100" hits="1"/><line number="101" hits="1"/><line number="102" hits="1"/><line number="105" hits="1"/></lines></class><class name="helper" filename="packages/cw20-ics20-msg/src/helper.rs" line-rate="0.7037037037037037" branch-rate="0" complexity="0"><methods/><lines><line number="4" hits="21"/><line number="5" hits="21"/><line number="6" hits="21"/><line number="7" hits="6"/><line number="8" hits="6"/><line number="9" hits="6"/><line number="12" hits="15"/><line number="15" hits="3"/><line number="16" hits="3"/><line number="17" hits="1"/><line number="18" hits="2"/><line number="22" hits="23"/><line number="23" hits="23"/><line number="26" hits="7"/><line number="27" hits="14"/><line number="31" hits="0"/><line number="36" hits="3"/><line number="37" hits="6"/><line number="38" hits="0"/><line number="39" hits="0"/><line number="40" hits="0"/><line number="43" hits="3"/><line number="44" hits="0"/><line number="45" hits="0"/><line number="46" hits="0"/><line number="47" hits="0"/><line number="51" hits="3"/></lines></class><class name="ibc_hooks" filename="packages/cw20-ics20-msg/src/ibc_hooks.rs" line-rate="0.75" branch-rate="0" complexity="0"><methods/><lines><line number="21" hits="4"/><line number="22" hits="7"/><line number="24" hits="1"/><line number="25" hits="1"/><line number="26" hits="1"/><line number="27" hits="1"/><line number="32" hits="3"/><line number="36" hits="0"/><line number="37" hits="3"/><line number="40" hits="3"/><line number="42" hits="0"/><line number="44" hits="2"/><line number="46" hits="2"/><line number="48" hits="2"/><line number="50" hits="0"/><line number="52" hits="2"/><line number="54" hits="0"/><line number="55" hits="0"/><line number="56" hits="0"/><line number="57" hits="0"/><line number="64" hits="1"/><line number="65" hits="1"/><line number="69" hits="1"/><line number="70" hits="1"/><line number="71" hits="1"/><line number="72" hits="1"/><line number="73" hits="1"/><line number="74" hits="1"/></lines></class><class name="receiver" filename="packages/cw20-ics20-msg/src/receiver.rs" line-rate="0.9743589743589743" branch-rate="0" complexity="0"><methods/><lines><line number="17" hits="26"/><line number="18" hits="52"/><line number="19" hits="15"/><line number="20" hits="11"/><line number="23" hits="26"/><line number="24" hits="14"/><line number="25" hits="12"/><line number="35" hits="6"/><line number="36" hits="10"/><line number="38" hits="2"/><line number="39" hits="2"/><line number="40" hits="2"/><line number="41" hits="2"/><line number="46" hits="3"/><line number="48" hits="2"/><line number="50" hits="2"/><line number="52" hits="2"/><line number="54" hits="1"/><line number="56" hits="2"/><line number="58" hits="1"/><line number="59" hits="1"/><line number="60" hits="1"/><line number="61" hits="1"/><line number="65" hits="9"/><line number="66" hits="9"/><line number="67" hits="5"/><line number="69" hits="5"/><line number="70" hits="1"/><line number="73" hits="4"/><line number="74" hits="1"/><line number="77" hits="3"/><line number="79" hits="4"/><line number="83" hits="9"/><line number="84" hits="9"/><line number="85" hits="3"/><line number="86" hits="6"/><line number="87" hits="6"/><line number="88" hits="0"/><line number="90" hits="6"/></lines></class></classes></package><package name="contracts/cw-ics20-latest/src/testing" line-rate="0" branch-rate="0" complexity="0"><classes></classes></package></packages></coverage>